<?xml version="1.0" encoding="UTF-8"?>
<testsuite name="org.gelm.portal.test.controller.RestfulDemoControllerTest" time="0.012" tests="1" errors="1" skipped="0" failures="0">
  <properties>
[...]
</properties>
  <testcase name="initializationError" classname="org.gelm.portal.test.controller.RestfulDemoControllerTest" time="0.012">
    <error message="Unable to find a @SpringBootConfiguration, you need to use @ContextConfiguration or @SpringBootTest(classes=...) with your test" type="java.lang.IllegalStateException"><![CDATA[java.lang.IllegalStateException: Unable to find a @SpringBootConfiguration, you need to use @ContextConfiguration or @SpringBootTest(classes=...) with your test
	at org.springframework.util.Assert.state(Assert.java:70)
	at org.springframework.boot.test.context.SpringBootTestContextBootstrapper.getOrFindConfigurationClasses(SpringBootTestContextBootstrapper.java:202)
	at org.springframework.boot.test.context.SpringBootTestContextBootstrapper.processMergedContextConfiguration(SpringBootTestContextBootstrapper.java:137)
	at org.springframework.test.context.support.AbstractTestContextBootstrapper.buildMergedContextConfiguration(AbstractTestContextBootstrapper.java:397)
	at org.springframework.test.context.support.AbstractTestContextBootstrapper.buildDefaultMergedContextConfiguration(AbstractTestContextBootstrapper.java:311)
	at org.springframework.test.context.support.AbstractTestContextBootstrapper.buildMergedContextConfiguration(AbstractTestContextBootstrapper.java:265)
	at org.springframework.test.context.support.AbstractTestContextBootstrapper.buildTestContext(AbstractTestContextBootstrapper.java:105)
	at org.springframework.boot.test.context.SpringBootTestContextBootstrapper.buildTestContext(SpringBootTestContextBootstrapper.java:82)
	at org.springframework.test.context.TestContextManager.<init>(TestContextManager.java:120)
	at org.springframework.test.context.TestContextManager.<init>(TestContextManager.java:105)
	at org.springframework.test.context.junit4.SpringJUnit4ClassRunner.createTestContextManager(SpringJUnit4ClassRunner.java:152)
	at org.springframework.test.context.junit4.SpringJUnit4ClassRunner.<init>(SpringJUnit4ClassRunner.java:143)
	at org.springframework.test.context.junit4.SpringRunner.<init>(SpringRunner.java:49)
	at sun.reflect.NativeConstructorAccessorImpl.newInstance0(Native Method)
	at sun.reflect.NativeConstructorAccessorImpl.newInstance(NativeConstructorAccessorImpl.java:62)
	at sun.reflect.DelegatingConstructorAccessorImpl.newInstance(DelegatingConstructorAccessorImpl.java:45)
	at java.lang.reflect.Constructor.newInstance(Constructor.java:423)
	at org.junit.internal.builders.AnnotatedBuilder.buildRunner(AnnotatedBuilder.java:104)
	at org.junit.internal.builders.AnnotatedBuilder.runnerForClass(AnnotatedBuilder.java:86)
	at org.junit.runners.model.RunnerBuilder.safeRunnerForClass(RunnerBuilder.java:59)
	at org.junit.internal.builders.AllDefaultPossibilitiesBuilder.runnerForClass(AllDefaultPossibilitiesBuilder.java:26)
	at org.junit.runners.model.RunnerBuilder.safeRunnerForClass(RunnerBuilder.java:59)
	at org.junit.internal.requests.ClassRequest.getRunner(ClassRequest.java:33)
	at org.apache.maven.surefire.junit4.JUnit4Provider.execute(JUnit4Provider.java:283)
	at org.apache.maven.surefire.junit4.JUnit4Provider.executeWithRerun(JUnit4Provider.java:173)
	at org.apache.maven.surefire.junit4.JUnit4Provider.executeTestSet(JUnit4Provider.java:153)
	at org.apache.maven.surefire.junit4.JUnit4Provider.invoke(JUnit4Provider.java:128)
	at org.apache.maven.surefire.booter.ForkedBooter.invokeProviderInSameClassLoader(ForkedBooter.java:203)
	at org.apache.maven.surefire.booter.ForkedBooter.runSuitesInProcess(ForkedBooter.java:155)
	at org.apache.maven.surefire.booter.ForkedBooter.main(ForkedBooter.java:103)
]]></error>
    <system-out><![CDATA[21:36:50.853 [main] DEBUG org.springframework.test.context.junit4.SpringJUnit4ClassRunner - SpringJUnit4ClassRunner constructor called with [class org.gelm.portal.test.controller.RestfulDemoControllerTest]
21:36:50.869 [main] DEBUG org.springframework.test.context.BootstrapUtils - Instantiating CacheAwareContextLoaderDelegate from class [org.springframework.test.context.cache.DefaultCacheAwareContextLoaderDelegate]
21:36:50.881 [main] DEBUG org.springframework.test.context.BootstrapUtils - Instantiating BootstrapContext using constructor [public org.springframework.test.context.support.DefaultBootstrapContext(java.lang.Class,org.springframework.test.context.CacheAwareContextLoaderDelegate)]
21:36:50.917 [main] DEBUG org.springframework.test.context.BootstrapUtils - Instantiating TestContextBootstrapper for test class [org.gelm.portal.test.controller.RestfulDemoControllerTest] from class [org.springframework.boot.test.context.SpringBootTestContextBootstrapper]
21:36:50.953 [main] INFO org.springframework.boot.test.context.SpringBootTestContextBootstrapper - Neither @ContextConfiguration nor @ContextHierarchy found for test class [org.gelm.portal.test.controller.RestfulDemoControllerTest], using SpringBootContextLoader
21:36:50.958 [main] DEBUG org.springframework.test.context.support.AbstractContextLoader - Did not detect default resource location for test class [org.gelm.portal.test.controller.RestfulDemoControllerTest]: class path resource [org/gelm/portal/test/controller/RestfulDemoControllerTest-context.xml] does not exist
21:36:50.958 [main] DEBUG org.springframework.test.context.support.AbstractContextLoader - Did not detect default resource location for test class [org.gelm.portal.test.controller.RestfulDemoControllerTest]: class path resource [org/gelm/portal/test/controller/RestfulDemoControllerTestContext.groovy] does not exist
21:36:50.958 [main] INFO org.springframework.test.context.support.AbstractContextLoader - Could not detect default resource locations for test class [org.gelm.portal.test.controller.RestfulDemoControllerTest]: no resource found for suffixes {-context.xml, Context.groovy}.
21:36:50.962 [main] INFO org.springframework.test.context.support.AnnotationConfigContextLoaderUtils - Could not detect default configuration classes for test class [org.gelm.portal.test.controller.RestfulDemoControllerTest]: RestfulDemoControllerTest does not declare any static, non-private, non-final, nested classes annotated with @Configuration.
21:36:51.122 [main] DEBUG org.springframework.test.context.support.ActiveProfilesUtils - Could not find an 'annotation declaring class' for annotation type [org.springframework.test.context.ActiveProfiles] and class [org.gelm.portal.test.controller.RestfulDemoControllerTest]
21:36:51.134 [main] DEBUG org.springframework.core.env.StandardEnvironment - Adding PropertySource 'systemProperties' with lowest search precedence
21:36:51.134 [main] DEBUG org.springframework.core.env.StandardEnvironment - Adding PropertySource 'systemEnvironment' with lowest search precedence
21:36:51.134 [main] DEBUG org.springframework.core.env.StandardEnvironment - Initialized StandardEnvironment with PropertySources [MapPropertySource@230528013 {name='systemProperties', properties={java.runtime.name=Java(TM) SE Runtime Environment, sun.boot.library.path=C:\Program Files\Java\jdk1.8.0_111\jre\bin, java.vm.version=25.111-b14, java.vm.vendor=Oracle Corporation, java.vendor.url=http://java.oracle.com/, path.separator=;, java.vm.name=Java HotSpot(TM) 64-Bit Server VM, file.encoding.pkg=sun.io, user.country=MY, user.script=, sun.java.launcher=SUN_STANDARD, sun.os.patch.level=, java.vm.specification.name=Java Virtual Machine Specification, user.dir=C:\Users\HP\Desktop\DevOps\Spring\STS_Space\SpringRestfulDemo, java.runtime.version=1.8.0_111-b14, basedir=C:\Users\HP\Desktop\DevOps\Spring\STS_Space\SpringRestfulDemo, java.awt.graphicsenv=sun.awt.Win32GraphicsEnvironment, java.endorsed.dirs=C:\Program Files\Java\jdk1.8.0_111\jre\lib\endorsed, os.arch=amd64, surefire.real.class.path=C:\Users\HP\Desktop\DevOps\Spring\STS_Space\SpringRestfulDemo\target\surefire\surefirebooter8517826295889555436.jar, java.io.tmpdir=C:\Users\HP\AppData\Local\Temp\, line.separator=
, java.vm.specification.vendor=Oracle Corporation, user.variant=, os.name=Windows 8.1, sun.jnu.encoding=Cp1252, java.library.path=C:\Program Files\Java\jdk1.8.0_111\jre\bin;C:\Windows\Sun\Java\bin;C:\Windows\system32;C:\Windows;C:/Program Files/Java/jre1.8.0_171/bin/server;C:/Program Files/Java/jre1.8.0_171/bin;C:/Program Files/Java/jre1.8.0_171/lib/amd64;C:\app\HP\product\12.2.0\dbhome_1\bin;C:\Program Files (x86)\Common Files\Oracle\Java\javapath;C:\Python27\;C:\Python27\Scripts;C:\oraclexe\app\oracle\product\10.2.0\server\bin;C:\ProgramData\Oracle\Java\javapath;C:\Program Files (x86)\Intel\iCLS Client\;C:\Program Files\Intel\iCLS Client\;C:\Program Files (x86)\NVIDIA Corporation\PhysX\Common;C:\Windows\system32;C:\Windows;C:\Windows\System32\Wbem;C:\Windows\System32\WindowsPowerShell\v1.0\;C:\Program Files\Hewlett-Packard\SimplePass\;C:\Program Files\Intel\Intel(R) Management Engine Components\DAL;C:\Program Files (x86)\Intel\Intel(R) Management Engine Components\DAL;C:\Program Files\Intel\Intel(R) Management Engine Components\IPT;C:\Program Files (x86)\Intel\Intel(R) Management Engine Components\IPT;C:\Program Files\Java\jdk1.8.0_111\bin;C:\Program Files\Git\cmd;C:\Program Files\Git\mingw64\bin;C:\Program Files\Git\usr\bin;C:\Users\HP\Downloads\apache-maven-3.3.9-bin\apache-maven-3.3.9\bin;C:\HashiCorp\Vagrant\bin;C:\ProgramData\chocolatey\bin;C:\opscode\chefdk\bin\;C:\Program Files\Oracle\VirtualBox;C:\Program Files (x86)\Microsoft VS Code\bin;C:\Program Files\Java\jre1.8.0_171\bin;C:\Ruby24-x64\bin;C:\Users\HP\AppData\Local\Programs\Python\Python36-32\Scripts\;C:\Users\HP\AppData\Local\Programs\Python\Python36-32\;C:\Program Files (x86)\Microsoft VS Code\bin;C:\Program Files\Docker Toolbox;C:\Users\HP\Desktop\DevOps\Spring\spring-tool-suite-3.9.9.RELEASE-e4.12.0-win32-x86_64\sts-bundle\sts-3.9.9.RELEASE;;., surefire.test.class.path=C:\Users\HP\Desktop\DevOps\Spring\STS_Space\SpringRestfulDemo\target\test-classes;C:\Users\HP\Desktop\DevOps\Spring\STS_Space\SpringRestfulDemo\target\classes;C:\Users\HP\.m2\repository\org\springframework\boot\spring-boot-starter-web\1.5.17.RELEASE\spring-boot-starter-web-1.5.17.RELEASE.jar;C:\Users\HP\.m2\repository\org\springframework\boot\spring-boot-starter\1.5.17.RELEASE\spring-boot-starter-1.5.17.RELEASE.jar;C:\Users\HP\.m2\repository\org\springframework\boot\spring-boot-starter-logging\1.5.17.RELEASE\spring-boot-starter-logging-1.5.17.RELEASE.jar;C:\Users\HP\.m2\repository\ch\qos\logback\logback-classic\1.1.11\logback-classic-1.1.11.jar;C:\Users\HP\.m2\repository\ch\qos\logback\logback-core\1.1.11\logback-core-1.1.11.jar;C:\Users\HP\.m2\repository\org\slf4j\jul-to-slf4j\1.7.25\jul-to-slf4j-1.7.25.jar;C:\Users\HP\.m2\repository\org\slf4j\log4j-over-slf4j\1.7.25\log4j-over-slf4j-1.7.25.jar;C:\Users\HP\.m2\repository\org\yaml\snakeyaml\1.17\snakeyaml-1.17.jar;C:\Users\HP\.m2\repository\org\springframework\boot\spring-boot-starter-tomcat\1.5.17.RELEASE\spring-boot-starter-tomcat-1.5.17.RELEASE.jar;C:\Users\HP\.m2\repository\org\apache\tomcat\embed\tomcat-embed-core\8.5.34\tomcat-embed-core-8.5.34.jar;C:\Users\HP\.m2\repository\org\apache\tomcat\tomcat-annotations-api\8.5.34\tomcat-annotations-api-8.5.34.jar;C:\Users\HP\.m2\repository\org\apache\tomcat\embed\tomcat-embed-el\8.5.34\tomcat-embed-el-8.5.34.jar;C:\Users\HP\.m2\repository\org\apache\tomcat\embed\tomcat-embed-websocket\8.5.34\tomcat-embed-websocket-8.5.34.jar;C:\Users\HP\.m2\repository\org\hibernate\hibernate-validator\5.3.6.Final\hibernate-validator-5.3.6.Final.jar;C:\Users\HP\.m2\repository\javax\validation\validation-api\1.1.0.Final\validation-api-1.1.0.Final.jar;C:\Users\HP\.m2\repository\org\jboss\logging\jboss-logging\3.3.2.Final\jboss-logging-3.3.2.Final.jar;C:\Users\HP\.m2\repository\com\fasterxml\classmate\1.3.4\classmate-1.3.4.jar;C:\Users\HP\.m2\repository\com\fasterxml\jackson\core\jackson-databind\2.8.11.2\jackson-databind-2.8.11.2.jar;C:\Users\HP\.m2\repository\com\fasterxml\jackson\core\jackson-annotations\2.8.0\jackson-annotations-2.8.0.jar;C:\Users\HP\.m2\repository\com\fasterxml\jackson\core\jackson-core\2.8.11\jackson-core-2.8.11.jar;C:\Users\HP\.m2\repository\org\springframework\spring-web\4.3.20.RELEASE\spring-web-4.3.20.RELEASE.jar;C:\Users\HP\.m2\repository\org\springframework\spring-aop\4.3.20.RELEASE\spring-aop-4.3.20.RELEASE.jar;C:\Users\HP\.m2\repository\org\springframework\spring-beans\4.3.20.RELEASE\spring-beans-4.3.20.RELEASE.jar;C:\Users\HP\.m2\repository\org\springframework\spring-context\4.3.20.RELEASE\spring-context-4.3.20.RELEASE.jar;C:\Users\HP\.m2\repository\org\springframework\spring-webmvc\4.3.20.RELEASE\spring-webmvc-4.3.20.RELEASE.jar;C:\Users\HP\.m2\repository\org\springframework\spring-expression\4.3.20.RELEASE\spring-expression-4.3.20.RELEASE.jar;C:\Users\HP\.m2\repository\com\google\code\gson\gson\2.8.5\gson-2.8.5.jar;C:\Users\HP\.m2\repository\org\springframework\boot\spring-boot-starter-test\1.5.17.RELEASE\spring-boot-starter-test-1.5.17.RELEASE.jar;C:\Users\HP\.m2\repository\org\springframework\boot\spring-boot-test\1.5.17.RELEASE\spring-boot-test-1.5.17.RELEASE.jar;C:\Users\HP\.m2\repository\org\springframework\boot\spring-boot-test-autoconfigure\1.5.17.RELEASE\spring-boot-test-autoconfigure-1.5.17.RELEASE.jar;C:\Users\HP\.m2\repository\com\jayway\jsonpath\json-path\2.2.0\json-path-2.2.0.jar;C:\Users\HP\.m2\repository\net\minidev\json-smart\2.2.1\json-smart-2.2.1.jar;C:\Users\HP\.m2\repository\net\minidev\accessors-smart\1.1\accessors-smart-1.1.jar;C:\Users\HP\.m2\repository\org\ow2\asm\asm\5.0.3\asm-5.0.3.jar;C:\Users\HP\.m2\repository\org\slf4j\slf4j-api\1.7.25\slf4j-api-1.7.25.jar;C:\Users\HP\.m2\repository\junit\junit\4.12\junit-4.12.jar;C:\Users\HP\.m2\repository\org\assertj\assertj-core\2.6.0\assertj-core-2.6.0.jar;C:\Users\HP\.m2\repository\org\mockito\mockito-core\1.10.19\mockito-core-1.10.19.jar;C:\Users\HP\.m2\repository\org\objenesis\objenesis\2.1\objenesis-2.1.jar;C:\Users\HP\.m2\repository\org\hamcrest\hamcrest-core\1.3\hamcrest-core-1.3.jar;C:\Users\HP\.m2\repository\org\hamcrest\hamcrest-library\1.3\hamcrest-library-1.3.jar;C:\Users\HP\.m2\repository\org\skyscreamer\jsonassert\1.4.0\jsonassert-1.4.0.jar;C:\Users\HP\.m2\repository\com\vaadin\external\google\android-json\0.0.20131108.vaadin1\android-json-0.0.20131108.vaadin1.jar;C:\Users\HP\.m2\repository\org\springframework\spring-core\4.3.20.RELEASE\spring-core-4.3.20.RELEASE.jar;C:\Users\HP\.m2\repository\org\springframework\spring-test\4.3.20.RELEASE\spring-test-4.3.20.RELEASE.jar;C:\Users\HP\.m2\repository\org\springframework\boot\spring-boot-starter-data-jpa\1.5.17.RELEASE\spring-boot-starter-data-jpa-1.5.17.RELEASE.jar;C:\Users\HP\.m2\repository\org\springframework\boot\spring-boot-starter-aop\1.5.17.RELEASE\spring-boot-starter-aop-1.5.17.RELEASE.jar;C:\Users\HP\.m2\repository\org\aspectj\aspectjweaver\1.8.13\aspectjweaver-1.8.13.jar;C:\Users\HP\.m2\repository\org\springframework\boot\spring-boot-starter-jdbc\1.5.17.RELEASE\spring-boot-starter-jdbc-1.5.17.RELEASE.jar;C:\Users\HP\.m2\repository\org\apache\tomcat\tomcat-jdbc\8.5.34\tomcat-jdbc-8.5.34.jar;C:\Users\HP\.m2\repository\org\apache\tomcat\tomcat-juli\8.5.34\tomcat-juli-8.5.34.jar;C:\Users\HP\.m2\repository\org\springframework\spring-jdbc\4.3.20.RELEASE\spring-jdbc-4.3.20.RELEASE.jar;C:\Users\HP\.m2\repository\org\hibernate\hibernate-core\5.0.12.Final\hibernate-core-5.0.12.Final.jar;C:\Users\HP\.m2\repository\org\hibernate\javax\persistence\hibernate-jpa-2.1-api\1.0.0.Final\hibernate-jpa-2.1-api-1.0.0.Final.jar;C:\Users\HP\.m2\repository\org\javassist\javassist\3.21.0-GA\javassist-3.21.0-GA.jar;C:\Users\HP\.m2\repository\antlr\antlr\2.7.7\antlr-2.7.7.jar;C:\Users\HP\.m2\repository\org\jboss\jandex\2.0.0.Final\jandex-2.0.0.Final.jar;C:\Users\HP\.m2\repository\dom4j\dom4j\1.6.1\dom4j-1.6.1.jar;C:\Users\HP\.m2\repository\org\hibernate\common\hibernate-commons-annotations\5.0.1.Final\hibernate-commons-annotations-5.0.1.Final.jar;C:\Users\HP\.m2\repository\org\hibernate\hibernate-entitymanager\5.0.12.Final\hibernate-entitymanager-5.0.12.Final.jar;C:\Users\HP\.m2\repository\javax\transaction\javax.transaction-api\1.2\javax.transaction-api-1.2.jar;C:\Users\HP\.m2\repository\org\springframework\data\spring-data-jpa\1.11.16.RELEASE\spring-data-jpa-1.11.16.RELEASE.jar;C:\Users\HP\.m2\repository\org\springframework\data\spring-data-commons\1.13.16.RELEASE\spring-data-commons-1.13.16.RELEASE.jar;C:\Users\HP\.m2\repository\org\springframework\spring-orm\4.3.20.RELEASE\spring-orm-4.3.20.RELEASE.jar;C:\Users\HP\.m2\repository\org\springframework\spring-tx\4.3.20.RELEASE\spring-tx-4.3.20.RELEASE.jar;C:\Users\HP\.m2\repository\org\slf4j\jcl-over-slf4j\1.7.25\jcl-over-slf4j-1.7.25.jar;C:\Users\HP\.m2\repository\org\springframework\spring-aspects\4.3.20.RELEASE\spring-aspects-4.3.20.RELEASE.jar;C:\Users\HP\.m2\repository\org\springframework\boot\spring-boot-devtools\1.5.17.RELEASE\spring-boot-devtools-1.5.17.RELEASE.jar;C:\Users\HP\.m2\repository\org\springframework\boot\spring-boot\1.5.17.RELEASE\spring-boot-1.5.17.RELEASE.jar;C:\Users\HP\.m2\repository\org\springframework\boot\spring-boot-autoconfigure\1.5.17.RELEASE\spring-boot-autoconfigure-1.5.17.RELEASE.jar;C:\Users\HP\.m2\repository\com\h2database\h2\1.4.197\h2-1.4.197.jar;, java.specification.name=Java Platform API Specification, java.class.version=52.0, sun.management.compiler=HotSpot 64-Bit Tiered Compilers, os.version=6.3, user.home=C:\Users\HP, user.timezone=Asia/Singapore, java.awt.printerjob=sun.awt.windows.WPrinterJob, file.encoding=Cp1252, java.specification.version=1.8, java.class.path=C:\Users\HP\Desktop\DevOps\Spring\STS_Space\SpringRestfulDemo\target\test-classes;C:\Users\HP\Desktop\DevOps\Spring\STS_Space\SpringRestfulDemo\target\classes;C:\Users\HP\.m2\repository\org\springframework\boot\spring-boot-starter-web\1.5.17.RELEASE\spring-boot-starter-web-1.5.17.RELEASE.jar;C:\Users\HP\.m2\repository\org\springframework\boot\spring-boot-starter\1.5.17.RELEASE\spring-boot-starter-1.5.17.RELEASE.jar;C:\Users\HP\.m2\repository\org\springframework\boot\spring-boot-starter-logging\1.5.17.RELEASE\spring-boot-starter-logging-1.5.17.RELEASE.jar;C:\Users\HP\.m2\repository\ch\qos\logback\logback-classic\1.1.11\logback-classic-1.1.11.jar;C:\Users\HP\.m2\repository\ch\qos\logback\logback-core\1.1.11\logback-core-1.1.11.jar;C:\Users\HP\.m2\repository\org\slf4j\jul-to-slf4j\1.7.25\jul-to-slf4j-1.7.25.jar;C:\Users\HP\.m2\repository\org\slf4j\log4j-over-slf4j\1.7.25\log4j-over-slf4j-1.7.25.jar;C:\Users\HP\.m2\repository\org\yaml\snakeyaml\1.17\snakeyaml-1.17.jar;C:\Users\HP\.m2\repository\org\springframework\boot\spring-boot-starter-tomcat\1.5.17.RELEASE\spring-boot-starter-tomcat-1.5.17.RELEASE.jar;C:\Users\HP\.m2\repository\org\apache\tomcat\embed\tomcat-embed-core\8.5.34\tomcat-embed-core-8.5.34.jar;C:\Users\HP\.m2\repository\org\apache\tomcat\tomcat-annotations-api\8.5.34\tomcat-annotations-api-8.5.34.jar;C:\Users\HP\.m2\repository\org\apache\tomcat\embed\tomcat-embed-el\8.5.34\tomcat-embed-el-8.5.34.jar;C:\Users\HP\.m2\repository\org\apache\tomcat\embed\tomcat-embed-websocket\8.5.34\tomcat-embed-websocket-8.5.34.jar;C:\Users\HP\.m2\repository\org\hibernate\hibernate-validator\5.3.6.Final\hibernate-validator-5.3.6.Final.jar;C:\Users\HP\.m2\repository\javax\validation\validation-api\1.1.0.Final\validation-api-1.1.0.Final.jar;C:\Users\HP\.m2\repository\org\jboss\logging\jboss-logging\3.3.2.Final\jboss-logging-3.3.2.Final.jar;C:\Users\HP\.m2\repository\com\fasterxml\classmate\1.3.4\classmate-1.3.4.jar;C:\Users\HP\.m2\repository\com\fasterxml\jackson\core\jackson-databind\2.8.11.2\jackson-databind-2.8.11.2.jar;C:\Users\HP\.m2\repository\com\fasterxml\jackson\core\jackson-annotations\2.8.0\jackson-annotations-2.8.0.jar;C:\Users\HP\.m2\repository\com\fasterxml\jackson\core\jackson-core\2.8.11\jackson-core-2.8.11.jar;C:\Users\HP\.m2\repository\org\springframework\spring-web\4.3.20.RELEASE\spring-web-4.3.20.RELEASE.jar;C:\Users\HP\.m2\repository\org\springframework\spring-aop\4.3.20.RELEASE\spring-aop-4.3.20.RELEASE.jar;C:\Users\HP\.m2\repository\org\springframework\spring-beans\4.3.20.RELEASE\spring-beans-4.3.20.RELEASE.jar;C:\Users\HP\.m2\repository\org\springframework\spring-context\4.3.20.RELEASE\spring-context-4.3.20.RELEASE.jar;C:\Users\HP\.m2\repository\org\springframework\spring-webmvc\4.3.20.RELEASE\spring-webmvc-4.3.20.RELEASE.jar;C:\Users\HP\.m2\repository\org\springframework\spring-expression\4.3.20.RELEASE\spring-expression-4.3.20.RELEASE.jar;C:\Users\HP\.m2\repository\com\google\code\gson\gson\2.8.5\gson-2.8.5.jar;C:\Users\HP\.m2\repository\org\springframework\boot\spring-boot-starter-test\1.5.17.RELEASE\spring-boot-starter-test-1.5.17.RELEASE.jar;C:\Users\HP\.m2\repository\org\springframework\boot\spring-boot-test\1.5.17.RELEASE\spring-boot-test-1.5.17.RELEASE.jar;C:\Users\HP\.m2\repository\org\springframework\boot\spring-boot-test-autoconfigure\1.5.17.RELEASE\spring-boot-test-autoconfigure-1.5.17.RELEASE.jar;C:\Users\HP\.m2\repository\com\jayway\jsonpath\json-path\2.2.0\json-path-2.2.0.jar;C:\Users\HP\.m2\repository\net\minidev\json-smart\2.2.1\json-smart-2.2.1.jar;C:\Users\HP\.m2\repository\net\minidev\accessors-smart\1.1\accessors-smart-1.1.jar;C:\Users\HP\.m2\repository\org\ow2\asm\asm\5.0.3\asm-5.0.3.jar;C:\Users\HP\.m2\repository\org\slf4j\slf4j-api\1.7.25\slf4j-api-1.7.25.jar;C:\Users\HP\.m2\repository\junit\junit\4.12\junit-4.12.jar;C:\Users\HP\.m2\repository\org\assertj\assertj-core\2.6.0\assertj-core-2.6.0.jar;C:\Users\HP\.m2\repository\org\mockito\mockito-core\1.10.19\mockito-core-1.10.19.jar;C:\Users\HP\.m2\repository\org\objenesis\objenesis\2.1\objenesis-2.1.jar;C:\Users\HP\.m2\repository\org\hamcrest\hamcrest-core\1.3\hamcrest-core-1.3.jar;C:\Users\HP\.m2\repository\org\hamcrest\hamcrest-library\1.3\hamcrest-library-1.3.jar;C:\Users\HP\.m2\repository\org\skyscreamer\jsonassert\1.4.0\jsonassert-1.4.0.jar;C:\Users\HP\.m2\repository\com\vaadin\external\google\android-json\0.0.20131108.vaadin1\android-json-0.0.20131108.vaadin1.jar;C:\Users\HP\.m2\repository\org\springframework\spring-core\4.3.20.RELEASE\spring-core-4.3.20.RELEASE.jar;C:\Users\HP\.m2\repository\org\springframework\spring-test\4.3.20.RELEASE\spring-test-4.3.20.RELEASE.jar;C:\Users\HP\.m2\repository\org\springframework\boot\spring-boot-starter-data-jpa\1.5.17.RELEASE\spring-boot-starter-data-jpa-1.5.17.RELEASE.jar;C:\Users\HP\.m2\repository\org\springframework\boot\spring-boot-starter-aop\1.5.17.RELEASE\spring-boot-starter-aop-1.5.17.RELEASE.jar;C:\Users\HP\.m2\repository\org\aspectj\aspectjweaver\1.8.13\aspectjweaver-1.8.13.jar;C:\Users\HP\.m2\repository\org\springframework\boot\spring-boot-starter-jdbc\1.5.17.RELEASE\spring-boot-starter-jdbc-1.5.17.RELEASE.jar;C:\Users\HP\.m2\repository\org\apache\tomcat\tomcat-jdbc\8.5.34\tomcat-jdbc-8.5.34.jar;C:\Users\HP\.m2\repository\org\apache\tomcat\tomcat-juli\8.5.34\tomcat-juli-8.5.34.jar;C:\Users\HP\.m2\repository\org\springframework\spring-jdbc\4.3.20.RELEASE\spring-jdbc-4.3.20.RELEASE.jar;C:\Users\HP\.m2\repository\org\hibernate\hibernate-core\5.0.12.Final\hibernate-core-5.0.12.Final.jar;C:\Users\HP\.m2\repository\org\hibernate\javax\persistence\hibernate-jpa-2.1-api\1.0.0.Final\hibernate-jpa-2.1-api-1.0.0.Final.jar;C:\Users\HP\.m2\repository\org\javassist\javassist\3.21.0-GA\javassist-3.21.0-GA.jar;C:\Users\HP\.m2\repository\antlr\antlr\2.7.7\antlr-2.7.7.jar;C:\Users\HP\.m2\repository\org\jboss\jandex\2.0.0.Final\jandex-2.0.0.Final.jar;C:\Users\HP\.m2\repository\dom4j\dom4j\1.6.1\dom4j-1.6.1.jar;C:\Users\HP\.m2\repository\org\hibernate\common\hibernate-commons-annotations\5.0.1.Final\hibernate-commons-annotations-5.0.1.Final.jar;C:\Users\HP\.m2\repository\org\hibernate\hibernate-entitymanager\5.0.12.Final\hibernate-entitymanager-5.0.12.Final.jar;C:\Users\HP\.m2\repository\javax\transaction\javax.transaction-api\1.2\javax.transaction-api-1.2.jar;C:\Users\HP\.m2\repository\org\springframework\data\spring-data-jpa\1.11.16.RELEASE\spring-data-jpa-1.11.16.RELEASE.jar;C:\Users\HP\.m2\repository\org\springframework\data\spring-data-commons\1.13.16.RELEASE\spring-data-commons-1.13.16.RELEASE.jar;C:\Users\HP\.m2\repository\org\springframework\spring-orm\4.3.20.RELEASE\spring-orm-4.3.20.RELEASE.jar;C:\Users\HP\.m2\repository\org\springframework\spring-tx\4.3.20.RELEASE\spring-tx-4.3.20.RELEASE.jar;C:\Users\HP\.m2\repository\org\slf4j\jcl-over-slf4j\1.7.25\jcl-over-slf4j-1.7.25.jar;C:\Users\HP\.m2\repository\org\springframework\spring-aspects\4.3.20.RELEASE\spring-aspects-4.3.20.RELEASE.jar;C:\Users\HP\.m2\repository\org\springframework\boot\spring-boot-devtools\1.5.17.RELEASE\spring-boot-devtools-1.5.17.RELEASE.jar;C:\Users\HP\.m2\repository\org\springframework\boot\spring-boot\1.5.17.RELEASE\spring-boot-1.5.17.RELEASE.jar;C:\Users\HP\.m2\repository\org\springframework\boot\spring-boot-autoconfigure\1.5.17.RELEASE\spring-boot-autoconfigure-1.5.17.RELEASE.jar;C:\Users\HP\.m2\repository\com\h2database\h2\1.4.197\h2-1.4.197.jar;, user.name=HP, java.vm.specification.version=1.8, sun.java.command=C:\Users\HP\Desktop\DevOps\Spring\STS_Space\SpringRestfulDemo\target\surefire\surefirebooter8517826295889555436.jar C:\Users\HP\Desktop\DevOps\Spring\STS_Space\SpringRestfulDemo\target\surefire\surefire4797194102591407399tmp C:\Users\HP\Desktop\DevOps\Spring\STS_Space\SpringRestfulDemo\target\surefire\surefire_0826063818760913986tmp, java.home=C:\Program Files\Java\jdk1.8.0_111\jre, sun.arch.data.model=64, user.language=en, java.specification.vendor=Oracle Corporation, awt.toolkit=sun.awt.windows.WToolkit, java.vm.info=mixed mode, java.version=1.8.0_111, java.ext.dirs=C:\Program Files\Java\jdk1.8.0_111\jre\lib\ext;C:\Windows\Sun\Java\lib\ext, sun.boot.class.path=C:\Program Files\Java\jdk1.8.0_111\jre\lib\resources.jar;C:\Program Files\Java\jdk1.8.0_111\jre\lib\rt.jar;C:\Program Files\Java\jdk1.8.0_111\jre\lib\sunrsasign.jar;C:\Program Files\Java\jdk1.8.0_111\jre\lib\jsse.jar;C:\Program Files\Java\jdk1.8.0_111\jre\lib\jce.jar;C:\Program Files\Java\jdk1.8.0_111\jre\lib\charsets.jar;C:\Program Files\Java\jdk1.8.0_111\jre\lib\jfr.jar;C:\Program Files\Java\jdk1.8.0_111\jre\classes, java.vendor=Oracle Corporation, localRepository=C:\Users\HP\.m2\repository, style.color=always, file.separator=\, java.vendor.url.bug=http://bugreport.sun.com/bugreport/, sun.io.unicode.encoding=UnicodeLittle, sun.cpu.endian=little, sun.desktop=windows, sun.cpu.isalist=amd64}}, SystemEnvironmentPropertySource@1909546776 {name='systemEnvironment', properties={PATH=C:/Program Files/Java/jre1.8.0_171/bin/server;C:/Program Files/Java/jre1.8.0_171/bin;C:/Program Files/Java/jre1.8.0_171/lib/amd64;C:\app\HP\product\12.2.0\dbhome_1\bin;C:\Program Files (x86)\Common Files\Oracle\Java\javapath;C:\Python27\;C:\Python27\Scripts;C:\oraclexe\app\oracle\product\10.2.0\server\bin;C:\ProgramData\Oracle\Java\javapath;C:\Program Files (x86)\Intel\iCLS Client\;C:\Program Files\Intel\iCLS Client\;C:\Program Files (x86)\NVIDIA Corporation\PhysX\Common;C:\Windows\system32;C:\Windows;C:\Windows\System32\Wbem;C:\Windows\System32\WindowsPowerShell\v1.0\;C:\Program Files\Hewlett-Packard\SimplePass\;C:\Program Files\Intel\Intel(R) Management Engine Components\DAL;C:\Program Files (x86)\Intel\Intel(R) Management Engine Components\DAL;C:\Program Files\Intel\Intel(R) Management Engine Components\IPT;C:\Program Files (x86)\Intel\Intel(R) Management Engine Components\IPT;C:\Program Files\Java\jdk1.8.0_111\bin;C:\Program Files\Git\cmd;C:\Program Files\Git\mingw64\bin;C:\Program Files\Git\usr\bin;C:\Users\HP\Downloads\apache-maven-3.3.9-bin\apache-maven-3.3.9\bin;C:\HashiCorp\Vagrant\bin;C:\ProgramData\chocolatey\bin;C:\opscode\chefdk\bin\;C:\Program Files\Oracle\VirtualBox;C:\Program Files (x86)\Microsoft VS Code\bin;C:\Program Files\Java\jre1.8.0_171\bin;C:\Ruby24-x64\bin;C:\Users\HP\AppData\Local\Programs\Python\Python36-32\Scripts\;C:\Users\HP\AppData\Local\Programs\Python\Python36-32\;C:\Program Files (x86)\Microsoft VS Code\bin;C:\Program Files\Docker Toolbox;C:\Users\HP\Desktop\DevOps\Spring\spring-tool-suite-3.9.9.RELEASE-e4.12.0-win32-x86_64\sts-bundle\sts-3.9.9.RELEASE;, USERDOMAIN_ROAMINGPROFILE=User, NO_PROXY=192.168.99.100, PROCESSOR_LEVEL=6, SYSTEMDRIVE=C:, FP_NO_HOST_CHECK=NO, M2=C:\Users\HP\Downloads\apache-maven-3.3.9-bin\apache-maven-3.3.9\bin, SESSIONNAME=Console, ALLUSERSPROFILE=C:\ProgramData, PLATFORMCODE=KV, PROCESSOR_ARCHITECTURE=AMD64, PLATFORM=MCD, JRE_HOME=C:\Program Files\Java\jre1.8.0_111, PROGRAMFILES=C:\Program Files, PSMODULEPATH=C:\Program Files\WindowsPowerShell\Modules;C:\Windows\system32\WindowsPowerShell\v1.0\Modules;C:\opscode\chefdk\modules\, PROGRAMDATA=C:\ProgramData, CHOCOLATEYLASTPATHUPDATE=Mon Aug  7 20:10:10 2017, USERNAME=HP, PATHEXT=.COM;.EXE;.BAT;.CMD;.VBS;.VBE;.JS;.JSE;.WSF;.WSH;.MSC;.RB;.RBW, COMPOSE_CONVERT_WINDOWS_PATHS=true, WINDIR=C:\Windows, HOMEPATH=\Users\HP, PROCESSOR_IDENTIFIER=Intel64 Family 6 Model 61 Stepping 4, GenuineIntel, M2_HOME=C:\Users\HP\Downloads\apache-maven-3.3.9-bin\apache-maven-3.3.9, PUBLIC=C:\Users\Public, =::=::\, LOCALAPPDATA=C:\Users\HP\AppData\Local, COMMONPROGRAMFILES(X86)=C:\Program Files (x86)\Common Files, DOCKER_HOST=tcp://192.168.99.100:2376, USERDOMAIN=User, LOGONSERVER=\\USER, JAVA_HOME=C:\Program Files\Java\jdk1.8.0_111, PROMPT=$P$G, PROGRAMFILES(X86)=C:\Program Files (x86), ONLINESERVICES=Online Services, MAVEN_OPTS=-Xms256m -Xmx512m, =C:=C:\Users\HP\Desktop\DevOps\Spring\STS_Space\SpringRestfulDemo, APPDATA=C:\Users\HP\AppData\Roaming, DOCKER_MACHINE_NAME=default, DOCKER_CERT_PATH=C:\Users\HP\.docker\machine\machines\default, PROGRAMW6432=C:\Program Files, SYSTEMROOT=C:\Windows, CHOCOLATEYINSTALL=C:\ProgramData\chocolatey, VBOX_MSI_INSTALL_PATH=C:\Program Files\Oracle\VirtualBox\, OS=Windows_NT, COMMONPROGRAMW6432=C:\Program Files\Common Files, COMPUTERNAME=USER, COMMONPROGRAMFILES=C:\Program Files\Common Files, COMSPEC=C:\Windows\system32\cmd.exe, PROCESSOR_REVISION=3d04, DOCKER_TLS_VERIFY=1, TEMP=C:\Users\HP\AppData\Local\Temp, HOMEDRIVE=C:, USERPROFILE=C:\Users\HP, TMP=C:\Users\HP\AppData\Local\Temp, NUMBER_OF_PROCESSORS=4, DOCKER_TOOLBOX_INSTALL_PATH=C:\Program Files\Docker Toolbox}}]
21:36:51.154 [main] DEBUG org.springframework.core.io.support.PathMatchingResourcePatternResolver - Resolved classpath location [org/gelm/portal/test/controller/] to resources [URL [file:/C:/Users/HP/Desktop/DevOps/Spring/STS_Space/SpringRestfulDemo/target/test-classes/org/gelm/portal/test/controller/]]
21:36:51.154 [main] DEBUG org.springframework.core.io.support.PathMatchingResourcePatternResolver - Looking for matching resources in directory tree [C:\Users\HP\Desktop\DevOps\Spring\STS_Space\SpringRestfulDemo\target\test-classes\org\gelm\portal\test\controller]
21:36:51.154 [main] DEBUG org.springframework.core.io.support.PathMatchingResourcePatternResolver - Searching directory [C:\Users\HP\Desktop\DevOps\Spring\STS_Space\SpringRestfulDemo\target\test-classes\org\gelm\portal\test\controller] for files matching pattern [C:/Users/HP/Desktop/DevOps/Spring/STS_Space/SpringRestfulDemo/target/test-classes/org/gelm/portal/test/controller/*.class]
21:36:51.158 [main] DEBUG org.springframework.core.io.support.PathMatchingResourcePatternResolver - Resolved location pattern [classpath*:org/gelm/portal/test/controller/*.class] to resources [file [C:\Users\HP\Desktop\DevOps\Spring\STS_Space\SpringRestfulDemo\target\test-classes\org\gelm\portal\test\controller\RestfulDemoControllerTest.class]]
21:36:51.194 [main] DEBUG org.springframework.core.io.support.PathMatchingResourcePatternResolver - Resolved classpath location [org/gelm/portal/test/] to resources [URL [file:/C:/Users/HP/Desktop/DevOps/Spring/STS_Space/SpringRestfulDemo/target/test-classes/org/gelm/portal/test/]]
21:36:51.194 [main] DEBUG org.springframework.core.io.support.PathMatchingResourcePatternResolver - Looking for matching resources in directory tree [C:\Users\HP\Desktop\DevOps\Spring\STS_Space\SpringRestfulDemo\target\test-classes\org\gelm\portal\test]
21:36:51.198 [main] DEBUG org.springframework.core.io.support.PathMatchingResourcePatternResolver - Searching directory [C:\Users\HP\Desktop\DevOps\Spring\STS_Space\SpringRestfulDemo\target\test-classes\org\gelm\portal\test] for files matching pattern [C:/Users/HP/Desktop/DevOps/Spring/STS_Space/SpringRestfulDemo/target/test-classes/org/gelm/portal/test/*.class]
21:36:51.198 [main] DEBUG org.springframework.core.io.support.PathMatchingResourcePatternResolver - Resolved location pattern [classpath*:org/gelm/portal/test/*.class] to resources []
21:36:51.198 [main] DEBUG org.springframework.core.io.support.PathMatchingResourcePatternResolver - Resolved classpath location [org/gelm/portal/] to resources [URL [file:/C:/Users/HP/Desktop/DevOps/Spring/STS_Space/SpringRestfulDemo/target/test-classes/org/gelm/portal/], URL [file:/C:/Users/HP/Desktop/DevOps/Spring/STS_Space/SpringRestfulDemo/target/classes/org/gelm/portal/]]
21:36:51.198 [main] DEBUG org.springframework.core.io.support.PathMatchingResourcePatternResolver - Looking for matching resources in directory tree [C:\Users\HP\Desktop\DevOps\Spring\STS_Space\SpringRestfulDemo\target\test-classes\org\gelm\portal]
21:36:51.198 [main] DEBUG org.springframework.core.io.support.PathMatchingResourcePatternResolver - Searching directory [C:\Users\HP\Desktop\DevOps\Spring\STS_Space\SpringRestfulDemo\target\test-classes\org\gelm\portal] for files matching pattern [C:/Users/HP/Desktop/DevOps/Spring/STS_Space/SpringRestfulDemo/target/test-classes/org/gelm/portal/*.class]
21:36:51.198 [main] DEBUG org.springframework.core.io.support.PathMatchingResourcePatternResolver - Looking for matching resources in directory tree [C:\Users\HP\Desktop\DevOps\Spring\STS_Space\SpringRestfulDemo\target\classes\org\gelm\portal]
21:36:51.198 [main] DEBUG org.springframework.core.io.support.PathMatchingResourcePatternResolver - Searching directory [C:\Users\HP\Desktop\DevOps\Spring\STS_Space\SpringRestfulDemo\target\classes\org\gelm\portal] for files matching pattern [C:/Users/HP/Desktop/DevOps/Spring/STS_Space/SpringRestfulDemo/target/classes/org/gelm/portal/*.class]
21:36:51.198 [main] DEBUG org.springframework.core.io.support.PathMatchingResourcePatternResolver - Resolved location pattern [classpath*:org/gelm/portal/*.class] to resources []
21:36:51.202 [main] DEBUG org.springframework.core.io.support.PathMatchingResourcePatternResolver - Resolved classpath location [org/gelm/] to resources [URL [file:/C:/Users/HP/Desktop/DevOps/Spring/STS_Space/SpringRestfulDemo/target/test-classes/org/gelm/], URL [file:/C:/Users/HP/Desktop/DevOps/Spring/STS_Space/SpringRestfulDemo/target/classes/org/gelm/]]
21:36:51.202 [main] DEBUG org.springframework.core.io.support.PathMatchingResourcePatternResolver - Looking for matching resources in directory tree [C:\Users\HP\Desktop\DevOps\Spring\STS_Space\SpringRestfulDemo\target\test-classes\org\gelm]
21:36:51.202 [main] DEBUG org.springframework.core.io.support.PathMatchingResourcePatternResolver - Searching directory [C:\Users\HP\Desktop\DevOps\Spring\STS_Space\SpringRestfulDemo\target\test-classes\org\gelm] for files matching pattern [C:/Users/HP/Desktop/DevOps/Spring/STS_Space/SpringRestfulDemo/target/test-classes/org/gelm/*.class]
21:36:51.202 [main] DEBUG org.springframework.core.io.support.PathMatchingResourcePatternResolver - Looking for matching resources in directory tree [C:\Users\HP\Desktop\DevOps\Spring\STS_Space\SpringRestfulDemo\target\classes\org\gelm]
21:36:51.202 [main] DEBUG org.springframework.core.io.support.PathMatchingResourcePatternResolver - Searching directory [C:\Users\HP\Desktop\DevOps\Spring\STS_Space\SpringRestfulDemo\target\classes\org\gelm] for files matching pattern [C:/Users/HP/Desktop/DevOps/Spring/STS_Space/SpringRestfulDemo/target/classes/org/gelm/*.class]
21:36:51.206 [main] DEBUG org.springframework.core.io.support.PathMatchingResourcePatternResolver - Resolved location pattern [classpath*:org/gelm/*.class] to resources []
21:36:51.214 [main] DEBUG org.springframework.core.io.support.PathMatchingResourcePatternResolver - Resolved classpath location [org/] to resources [URL [jar:file:/C:/Users/HP/.m2/repository/org/apache/maven/surefire/surefire-booter/2.18.1/surefire-booter-2.18.1.jar!/org/], URL [jar:file:/C:/Users/HP/.m2/repository/org/apache/maven/surefire/surefire-api/2.18.1/surefire-api-2.18.1.jar!/org/], URL [file:/C:/Users/HP/Desktop/DevOps/Spring/STS_Space/SpringRestfulDemo/target/test-classes/org/], URL [file:/C:/Users/HP/Desktop/DevOps/Spring/STS_Space/SpringRestfulDemo/target/classes/org/], URL [jar:file:/C:/Users/HP/.m2/repository/ch/qos/logback/logback-classic/1.1.11/logback-classic-1.1.11.jar!/org/], URL [jar:file:/C:/Users/HP/.m2/repository/org/slf4j/jul-to-slf4j/1.7.25/jul-to-slf4j-1.7.25.jar!/org/], URL [jar:file:/C:/Users/HP/.m2/repository/org/slf4j/log4j-over-slf4j/1.7.25/log4j-over-slf4j-1.7.25.jar!/org/], URL [jar:file:/C:/Users/HP/.m2/repository/org/yaml/snakeyaml/1.17/snakeyaml-1.17.jar!/org/], URL [jar:file:/C:/Users/HP/.m2/repository/org/apache/tomcat/embed/tomcat-embed-core/8.5.34/tomcat-embed-core-8.5.34.jar!/org/], URL [jar:file:/C:/Users/HP/.m2/repository/org/apache/tomcat/embed/tomcat-embed-el/8.5.34/tomcat-embed-el-8.5.34.jar!/org/], URL [jar:file:/C:/Users/HP/.m2/repository/org/apache/tomcat/embed/tomcat-embed-websocket/8.5.34/tomcat-embed-websocket-8.5.34.jar!/org/], URL [jar:file:/C:/Users/HP/.m2/repository/org/hibernate/hibernate-validator/5.3.6.Final/hibernate-validator-5.3.6.Final.jar!/org/], URL [jar:file:/C:/Users/HP/.m2/repository/org/jboss/logging/jboss-logging/3.3.2.Final/jboss-logging-3.3.2.Final.jar!/org/], URL [jar:file:/C:/Users/HP/.m2/repository/org/springframework/spring-web/4.3.20.RELEASE/spring-web-4.3.20.RELEASE.jar!/org/], URL [jar:file:/C:/Users/HP/.m2/repository/org/springframework/spring-aop/4.3.20.RELEASE/spring-aop-4.3.20.RELEASE.jar!/org/], URL [jar:file:/C:/Users/HP/.m2/repository/org/springframework/spring-beans/4.3.20.RELEASE/spring-beans-4.3.20.RELEASE.jar!/org/], URL [jar:file:/C:/Users/HP/.m2/repository/org/springframework/spring-context/4.3.20.RELEASE/spring-context-4.3.20.RELEASE.jar!/org/], URL [jar:file:/C:/Users/HP/.m2/repository/org/springframework/spring-webmvc/4.3.20.RELEASE/spring-webmvc-4.3.20.RELEASE.jar!/org/], URL [jar:file:/C:/Users/HP/.m2/repository/org/springframework/spring-expression/4.3.20.RELEASE/spring-expression-4.3.20.RELEASE.jar!/org/], URL [jar:file:/C:/Users/HP/.m2/repository/org/springframework/boot/spring-boot-test/1.5.17.RELEASE/spring-boot-test-1.5.17.RELEASE.jar!/org/], URL [jar:file:/C:/Users/HP/.m2/repository/org/springframework/boot/spring-boot-test-autoconfigure/1.5.17.RELEASE/spring-boot-test-autoconfigure-1.5.17.RELEASE.jar!/org/], URL [jar:file:/C:/Users/HP/.m2/repository/net/minidev/accessors-smart/1.1/accessors-smart-1.1.jar!/org/], URL [jar:file:/C:/Users/HP/.m2/repository/org/ow2/asm/asm/5.0.3/asm-5.0.3.jar!/org/], URL [jar:file:/C:/Users/HP/.m2/repository/org/slf4j/slf4j-api/1.7.25/slf4j-api-1.7.25.jar!/org/], URL [jar:file:/C:/Users/HP/.m2/repository/junit/junit/4.12/junit-4.12.jar!/org/], URL [jar:file:/C:/Users/HP/.m2/repository/org/assertj/assertj-core/2.6.0/assertj-core-2.6.0.jar!/org/], URL [jar:file:/C:/Users/HP/.m2/repository/org/mockito/mockito-core/1.10.19/mockito-core-1.10.19.jar!/org/], URL [jar:file:/C:/Users/HP/.m2/repository/org/objenesis/objenesis/2.1/objenesis-2.1.jar!/org/], URL [jar:file:/C:/Users/HP/.m2/repository/org/hamcrest/hamcrest-core/1.3/hamcrest-core-1.3.jar!/org/], URL [jar:file:/C:/Users/HP/.m2/repository/org/hamcrest/hamcrest-library/1.3/hamcrest-library-1.3.jar!/org/], URL [jar:file:/C:/Users/HP/.m2/repository/org/skyscreamer/jsonassert/1.4.0/jsonassert-1.4.0.jar!/org/], URL [jar:file:/C:/Users/HP/.m2/repository/com/vaadin/external/google/android-json/0.0.20131108.vaadin1/android-json-0.0.20131108.vaadin1.jar!/org/], URL [jar:file:/C:/Users/HP/.m2/repository/org/springframework/spring-core/4.3.20.RELEASE/spring-core-4.3.20.RELEASE.jar!/org/], URL [jar:file:/C:/Users/HP/.m2/repository/org/springframework/spring-test/4.3.20.RELEASE/spring-test-4.3.20.RELEASE.jar!/org/], URL [jar:file:/C:/Users/HP/.m2/repository/org/aspectj/aspectjweaver/1.8.13/aspectjweaver-1.8.13.jar!/org/], URL [jar:file:/C:/Users/HP/.m2/repository/org/apache/tomcat/tomcat-jdbc/8.5.34/tomcat-jdbc-8.5.34.jar!/org/], URL [jar:file:/C:/Users/HP/.m2/repository/org/apache/tomcat/tomcat-juli/8.5.34/tomcat-juli-8.5.34.jar!/org/], URL [jar:file:/C:/Users/HP/.m2/repository/org/springframework/spring-jdbc/4.3.20.RELEASE/spring-jdbc-4.3.20.RELEASE.jar!/org/], URL [jar:file:/C:/Users/HP/.m2/repository/org/hibernate/hibernate-core/5.0.12.Final/hibernate-core-5.0.12.Final.jar!/org/], URL [jar:file:/C:/Users/HP/.m2/repository/org/jboss/jandex/2.0.0.Final/jandex-2.0.0.Final.jar!/org/], URL [jar:file:/C:/Users/HP/.m2/repository/dom4j/dom4j/1.6.1/dom4j-1.6.1.jar!/org/], URL [jar:file:/C:/Users/HP/.m2/repository/org/hibernate/common/hibernate-commons-annotations/5.0.1.Final/hibernate-commons-annotations-5.0.1.Final.jar!/org/], URL [jar:file:/C:/Users/HP/.m2/repository/org/hibernate/hibernate-entitymanager/5.0.12.Final/hibernate-entitymanager-5.0.12.Final.jar!/org/], URL [jar:file:/C:/Users/HP/.m2/repository/org/springframework/data/spring-data-jpa/1.11.16.RELEASE/spring-data-jpa-1.11.16.RELEASE.jar!/org/], URL [jar:file:/C:/Users/HP/.m2/repository/org/springframework/data/spring-data-commons/1.13.16.RELEASE/spring-data-commons-1.13.16.RELEASE.jar!/org/], URL [jar:file:/C:/Users/HP/.m2/repository/org/springframework/spring-orm/4.3.20.RELEASE/spring-orm-4.3.20.RELEASE.jar!/org/], URL [jar:file:/C:/Users/HP/.m2/repository/org/springframework/spring-tx/4.3.20.RELEASE/spring-tx-4.3.20.RELEASE.jar!/org/], URL [jar:file:/C:/Users/HP/.m2/repository/org/slf4j/jcl-over-slf4j/1.7.25/jcl-over-slf4j-1.7.25.jar!/org/], URL [jar:file:/C:/Users/HP/.m2/repository/org/springframework/spring-aspects/4.3.20.RELEASE/spring-aspects-4.3.20.RELEASE.jar!/org/], URL [jar:file:/C:/Users/HP/.m2/repository/org/springframework/boot/spring-boot-devtools/1.5.17.RELEASE/spring-boot-devtools-1.5.17.RELEASE.jar!/org/], URL [jar:file:/C:/Users/HP/.m2/repository/org/springframework/boot/spring-boot/1.5.17.RELEASE/spring-boot-1.5.17.RELEASE.jar!/org/], URL [jar:file:/C:/Users/HP/.m2/repository/org/springframework/boot/spring-boot-autoconfigure/1.5.17.RELEASE/spring-boot-autoconfigure-1.5.17.RELEASE.jar!/org/], URL [jar:file:/C:/Users/HP/.m2/repository/org/apache/maven/surefire/surefire-junit4/2.18.1/surefire-junit4-2.18.1.jar!/org/]]
21:36:51.214 [main] DEBUG org.springframework.core.io.support.PathMatchingResourcePatternResolver - Looking for matching resources in jar file [file:/C:/Users/HP/.m2/repository/org/apache/maven/surefire/surefire-booter/2.18.1/surefire-booter-2.18.1.jar]
21:36:51.214 [main] DEBUG org.springframework.core.io.support.PathMatchingResourcePatternResolver - Looking for matching resources in jar file [file:/C:/Users/HP/.m2/repository/org/apache/maven/surefire/surefire-api/2.18.1/surefire-api-2.18.1.jar]
21:36:51.218 [main] DEBUG org.springframework.core.io.support.PathMatchingResourcePatternResolver - Looking for matching resources in directory tree [C:\Users\HP\Desktop\DevOps\Spring\STS_Space\SpringRestfulDemo\target\test-classes\org]
21:36:51.218 [main] DEBUG org.springframework.core.io.support.PathMatchingResourcePatternResolver - Searching directory [C:\Users\HP\Desktop\DevOps\Spring\STS_Space\SpringRestfulDemo\target\test-classes\org] for files matching pattern [C:/Users/HP/Desktop/DevOps/Spring/STS_Space/SpringRestfulDemo/target/test-classes/org/*.class]
21:36:51.222 [main] DEBUG org.springframework.core.io.support.PathMatchingResourcePatternResolver - Looking for matching resources in directory tree [C:\Users\HP\Desktop\DevOps\Spring\STS_Space\SpringRestfulDemo\target\classes\org]
21:36:51.222 [main] DEBUG org.springframework.core.io.support.PathMatchingResourcePatternResolver - Searching directory [C:\Users\HP\Desktop\DevOps\Spring\STS_Space\SpringRestfulDemo\target\classes\org] for files matching pattern [C:/Users/HP/Desktop/DevOps/Spring/STS_Space/SpringRestfulDemo/target/classes/org/*.class]
21:36:51.222 [main] DEBUG org.springframework.core.io.support.PathMatchingResourcePatternResolver - Looking for matching resources in jar file [file:/C:/Users/HP/.m2/repository/ch/qos/logback/logback-classic/1.1.11/logback-classic-1.1.11.jar]
21:36:51.222 [main] DEBUG org.springframework.core.io.support.PathMatchingResourcePatternResolver - Looking for matching resources in jar file [file:/C:/Users/HP/.m2/repository/org/slf4j/jul-to-slf4j/1.7.25/jul-to-slf4j-1.7.25.jar]
21:36:51.222 [main] DEBUG org.springframework.core.io.support.PathMatchingResourcePatternResolver - Looking for matching resources in jar file [file:/C:/Users/HP/.m2/repository/org/slf4j/log4j-over-slf4j/1.7.25/log4j-over-slf4j-1.7.25.jar]
21:36:51.222 [main] DEBUG org.springframework.core.io.support.PathMatchingResourcePatternResolver - Looking for matching resources in jar file [file:/C:/Users/HP/.m2/repository/org/yaml/snakeyaml/1.17/snakeyaml-1.17.jar]
21:36:51.242 [main] DEBUG org.springframework.core.io.support.PathMatchingResourcePatternResolver - Looking for matching resources in jar file [file:/C:/Users/HP/.m2/repository/org/apache/tomcat/embed/tomcat-embed-core/8.5.34/tomcat-embed-core-8.5.34.jar]
21:36:51.258 [main] DEBUG org.springframework.core.io.support.PathMatchingResourcePatternResolver - Looking for matching resources in jar file [file:/C:/Users/HP/.m2/repository/org/apache/tomcat/embed/tomcat-embed-el/8.5.34/tomcat-embed-el-8.5.34.jar]
21:36:51.258 [main] DEBUG org.springframework.core.io.support.PathMatchingResourcePatternResolver - Looking for matching resources in jar file [file:/C:/Users/HP/.m2/repository/org/apache/tomcat/embed/tomcat-embed-websocket/8.5.34/tomcat-embed-websocket-8.5.34.jar]
21:36:51.258 [main] DEBUG org.springframework.core.io.support.PathMatchingResourcePatternResolver - Looking for matching resources in jar file [file:/C:/Users/HP/.m2/repository/org/hibernate/hibernate-validator/5.3.6.Final/hibernate-validator-5.3.6.Final.jar]
21:36:51.266 [main] DEBUG org.springframework.core.io.support.PathMatchingResourcePatternResolver - Looking for matching resources in jar file [file:/C:/Users/HP/.m2/repository/org/jboss/logging/jboss-logging/3.3.2.Final/jboss-logging-3.3.2.Final.jar]
21:36:51.266 [main] DEBUG org.springframework.core.io.support.PathMatchingResourcePatternResolver - Looking for matching resources in jar file [file:/C:/Users/HP/.m2/repository/org/springframework/spring-web/4.3.20.RELEASE/spring-web-4.3.20.RELEASE.jar]
21:36:51.270 [main] DEBUG org.springframework.core.io.support.PathMatchingResourcePatternResolver - Looking for matching resources in jar file [file:/C:/Users/HP/.m2/repository/org/springframework/spring-aop/4.3.20.RELEASE/spring-aop-4.3.20.RELEASE.jar]
21:36:51.274 [main] DEBUG org.springframework.core.io.support.PathMatchingResourcePatternResolver - Looking for matching resources in jar file [file:/C:/Users/HP/.m2/repository/org/springframework/spring-beans/4.3.20.RELEASE/spring-beans-4.3.20.RELEASE.jar]
21:36:51.278 [main] DEBUG org.springframework.core.io.support.PathMatchingResourcePatternResolver - Looking for matching resources in jar file [file:/C:/Users/HP/.m2/repository/org/springframework/spring-context/4.3.20.RELEASE/spring-context-4.3.20.RELEASE.jar]
21:36:51.286 [main] DEBUG org.springframework.core.io.support.PathMatchingResourcePatternResolver - Looking for matching resources in jar file [file:/C:/Users/HP/.m2/repository/org/springframework/spring-webmvc/4.3.20.RELEASE/spring-webmvc-4.3.20.RELEASE.jar]
21:36:51.290 [main] DEBUG org.springframework.core.io.support.PathMatchingResourcePatternResolver - Looking for matching resources in jar file [file:/C:/Users/HP/.m2/repository/org/springframework/spring-expression/4.3.20.RELEASE/spring-expression-4.3.20.RELEASE.jar]
21:36:51.290 [main] DEBUG org.springframework.core.io.support.PathMatchingResourcePatternResolver - Looking for matching resources in jar file [file:/C:/Users/HP/.m2/repository/org/springframework/boot/spring-boot-test/1.5.17.RELEASE/spring-boot-test-1.5.17.RELEASE.jar]
21:36:51.290 [main] DEBUG org.springframework.core.io.support.PathMatchingResourcePatternResolver - Looking for matching resources in jar file [file:/C:/Users/HP/.m2/repository/org/springframework/boot/spring-boot-test-autoconfigure/1.5.17.RELEASE/spring-boot-test-autoconfigure-1.5.17.RELEASE.jar]
21:36:51.294 [main] DEBUG org.springframework.core.io.support.PathMatchingResourcePatternResolver - Looking for matching resources in jar file [file:/C:/Users/HP/.m2/repository/net/minidev/accessors-smart/1.1/accessors-smart-1.1.jar]
21:36:51.294 [main] DEBUG org.springframework.core.io.support.PathMatchingResourcePatternResolver - Looking for matching resources in jar file [file:/C:/Users/HP/.m2/repository/org/ow2/asm/asm/5.0.3/asm-5.0.3.jar]
21:36:51.294 [main] DEBUG org.springframework.core.io.support.PathMatchingResourcePatternResolver - Looking for matching resources in jar file [file:/C:/Users/HP/.m2/repository/org/slf4j/slf4j-api/1.7.25/slf4j-api-1.7.25.jar]
21:36:51.294 [main] DEBUG org.springframework.core.io.support.PathMatchingResourcePatternResolver - Looking for matching resources in jar file [file:/C:/Users/HP/.m2/repository/junit/junit/4.12/junit-4.12.jar]
21:36:51.298 [main] DEBUG org.springframework.core.io.support.PathMatchingResourcePatternResolver - Looking for matching resources in jar file [file:/C:/Users/HP/.m2/repository/org/assertj/assertj-core/2.6.0/assertj-core-2.6.0.jar]
21:36:51.322 [main] DEBUG org.springframework.core.io.support.PathMatchingResourcePatternResolver - Looking for matching resources in jar file [file:/C:/Users/HP/.m2/repository/org/mockito/mockito-core/1.10.19/mockito-core-1.10.19.jar]
21:36:51.342 [main] DEBUG org.springframework.core.io.support.PathMatchingResourcePatternResolver - Looking for matching resources in jar file [file:/C:/Users/HP/.m2/repository/org/objenesis/objenesis/2.1/objenesis-2.1.jar]
21:36:51.342 [main] DEBUG org.springframework.core.io.support.PathMatchingResourcePatternResolver - Looking for matching resources in jar file [file:/C:/Users/HP/.m2/repository/org/hamcrest/hamcrest-core/1.3/hamcrest-core-1.3.jar]
21:36:51.342 [main] DEBUG org.springframework.core.io.support.PathMatchingResourcePatternResolver - Looking for matching resources in jar file [file:/C:/Users/HP/.m2/repository/org/hamcrest/hamcrest-library/1.3/hamcrest-library-1.3.jar]
21:36:51.346 [main] DEBUG org.springframework.core.io.support.PathMatchingResourcePatternResolver - Looking for matching resources in jar file [file:/C:/Users/HP/.m2/repository/org/skyscreamer/jsonassert/1.4.0/jsonassert-1.4.0.jar]
21:36:51.346 [main] DEBUG org.springframework.core.io.support.PathMatchingResourcePatternResolver - Looking for matching resources in jar file [file:/C:/Users/HP/.m2/repository/com/vaadin/external/google/android-json/0.0.20131108.vaadin1/android-json-0.0.20131108.vaadin1.jar]
21:36:51.350 [main] DEBUG org.springframework.core.io.support.PathMatchingResourcePatternResolver - Looking for matching resources in jar file [file:/C:/Users/HP/.m2/repository/org/springframework/spring-core/4.3.20.RELEASE/spring-core-4.3.20.RELEASE.jar]
21:36:51.358 [main] DEBUG org.springframework.core.io.support.PathMatchingResourcePatternResolver - Looking for matching resources in jar file [file:/C:/Users/HP/.m2/repository/org/springframework/spring-test/4.3.20.RELEASE/spring-test-4.3.20.RELEASE.jar]
21:36:51.366 [main] DEBUG org.springframework.core.io.support.PathMatchingResourcePatternResolver - Looking for matching resources in jar file [file:/C:/Users/HP/.m2/repository/org/aspectj/aspectjweaver/1.8.13/aspectjweaver-1.8.13.jar]
21:36:51.370 [main] DEBUG org.springframework.core.io.support.PathMatchingResourcePatternResolver - Looking for matching resources in jar file [file:/C:/Users/HP/.m2/repository/org/apache/tomcat/tomcat-jdbc/8.5.34/tomcat-jdbc-8.5.34.jar]
21:36:51.370 [main] DEBUG org.springframework.core.io.support.PathMatchingResourcePatternResolver - Looking for matching resources in jar file [file:/C:/Users/HP/.m2/repository/org/apache/tomcat/tomcat-juli/8.5.34/tomcat-juli-8.5.34.jar]
21:36:51.370 [main] DEBUG org.springframework.core.io.support.PathMatchingResourcePatternResolver - Looking for matching resources in jar file [file:/C:/Users/HP/.m2/repository/org/springframework/spring-jdbc/4.3.20.RELEASE/spring-jdbc-4.3.20.RELEASE.jar]
21:36:51.370 [main] DEBUG org.springframework.core.io.support.PathMatchingResourcePatternResolver - Looking for matching resources in jar file [file:/C:/Users/HP/.m2/repository/org/hibernate/hibernate-core/5.0.12.Final/hibernate-core-5.0.12.Final.jar]
21:36:51.402 [main] DEBUG org.springframework.core.io.support.PathMatchingResourcePatternResolver - Looking for matching resources in jar file [file:/C:/Users/HP/.m2/repository/org/jboss/jandex/2.0.0.Final/jandex-2.0.0.Final.jar]
21:36:51.402 [main] DEBUG org.springframework.core.io.support.PathMatchingResourcePatternResolver - Looking for matching resources in jar file [file:/C:/Users/HP/.m2/repository/dom4j/dom4j/1.6.1/dom4j-1.6.1.jar]
21:36:51.402 [main] DEBUG org.springframework.core.io.support.PathMatchingResourcePatternResolver - Looking for matching resources in jar file [file:/C:/Users/HP/.m2/repository/org/hibernate/common/hibernate-commons-annotations/5.0.1.Final/hibernate-commons-annotations-5.0.1.Final.jar]
21:36:51.402 [main] DEBUG org.springframework.core.io.support.PathMatchingResourcePatternResolver - Looking for matching resources in jar file [file:/C:/Users/HP/.m2/repository/org/hibernate/hibernate-entitymanager/5.0.12.Final/hibernate-entitymanager-5.0.12.Final.jar]
21:36:51.406 [main] DEBUG org.springframework.core.io.support.PathMatchingResourcePatternResolver - Looking for matching resources in jar file [file:/C:/Users/HP/.m2/repository/org/springframework/data/spring-data-jpa/1.11.16.RELEASE/spring-data-jpa-1.11.16.RELEASE.jar]
21:36:51.406 [main] DEBUG org.springframework.core.io.support.PathMatchingResourcePatternResolver - Looking for matching resources in jar file [file:/C:/Users/HP/.m2/repository/org/springframework/data/spring-data-commons/1.13.16.RELEASE/spring-data-commons-1.13.16.RELEASE.jar]
21:36:51.410 [main] DEBUG org.springframework.core.io.support.PathMatchingResourcePatternResolver - Looking for matching resources in jar file [file:/C:/Users/HP/.m2/repository/org/springframework/spring-orm/4.3.20.RELEASE/spring-orm-4.3.20.RELEASE.jar]
21:36:51.410 [main] DEBUG org.springframework.core.io.support.PathMatchingResourcePatternResolver - Looking for matching resources in jar file [file:/C:/Users/HP/.m2/repository/org/springframework/spring-tx/4.3.20.RELEASE/spring-tx-4.3.20.RELEASE.jar]
21:36:51.410 [main] DEBUG org.springframework.core.io.support.PathMatchingResourcePatternResolver - Looking for matching resources in jar file [file:/C:/Users/HP/.m2/repository/org/slf4j/jcl-over-slf4j/1.7.25/jcl-over-slf4j-1.7.25.jar]
21:36:51.410 [main] DEBUG org.springframework.core.io.support.PathMatchingResourcePatternResolver - Looking for matching resources in jar file [file:/C:/Users/HP/.m2/repository/org/springframework/spring-aspects/4.3.20.RELEASE/spring-aspects-4.3.20.RELEASE.jar]
21:36:51.414 [main] DEBUG org.springframework.core.io.support.PathMatchingResourcePatternResolver - Looking for matching resources in jar file [file:/C:/Users/HP/.m2/repository/org/springframework/boot/spring-boot-devtools/1.5.17.RELEASE/spring-boot-devtools-1.5.17.RELEASE.jar]
21:36:51.414 [main] DEBUG org.springframework.core.io.support.PathMatchingResourcePatternResolver - Looking for matching resources in jar file [file:/C:/Users/HP/.m2/repository/org/springframework/boot/spring-boot/1.5.17.RELEASE/spring-boot-1.5.17.RELEASE.jar]
21:36:51.414 [main] DEBUG org.springframework.core.io.support.PathMatchingResourcePatternResolver - Looking for matching resources in jar file [file:/C:/Users/HP/.m2/repository/org/springframework/boot/spring-boot-autoconfigure/1.5.17.RELEASE/spring-boot-autoconfigure-1.5.17.RELEASE.jar]
21:36:51.418 [main] DEBUG org.springframework.core.io.support.PathMatchingResourcePatternResolver - Looking for matching resources in jar file [file:/C:/Users/HP/.m2/repository/org/apache/maven/surefire/surefire-junit4/2.18.1/surefire-junit4-2.18.1.jar]
21:36:51.418 [main] DEBUG org.springframework.core.io.support.PathMatchingResourcePatternResolver - Resolved location pattern [classpath*:org/*.class] to resources []
21:36:51.422 [main] DEBUG org.springframework.test.context.junit4.SpringJUnit4ClassRunner - SpringJUnit4ClassRunner constructor called with [class org.gelm.portal.test.controller.RestfulDemoControllerTest]
21:36:51.422 [main] DEBUG org.springframework.test.context.BootstrapUtils - Instantiating CacheAwareContextLoaderDelegate from class [org.springframework.test.context.cache.DefaultCacheAwareContextLoaderDelegate]
21:36:51.422 [main] DEBUG org.springframework.test.context.BootstrapUtils - Instantiating BootstrapContext using constructor [public org.springframework.test.context.support.DefaultBootstrapContext(java.lang.Class,org.springframework.test.context.CacheAwareContextLoaderDelegate)]
21:36:51.426 [main] DEBUG org.springframework.test.context.BootstrapUtils - Instantiating TestContextBootstrapper for test class [org.gelm.portal.test.controller.RestfulDemoControllerTest] from class [org.springframework.boot.test.context.SpringBootTestContextBootstrapper]
21:36:51.426 [main] INFO org.springframework.boot.test.context.SpringBootTestContextBootstrapper - Neither @ContextConfiguration nor @ContextHierarchy found for test class [org.gelm.portal.test.controller.RestfulDemoControllerTest], using SpringBootContextLoader
21:36:51.430 [main] DEBUG org.springframework.test.context.support.AbstractContextLoader - Did not detect default resource location for test class [org.gelm.portal.test.controller.RestfulDemoControllerTest]: class path resource [org/gelm/portal/test/controller/RestfulDemoControllerTest-context.xml] does not exist
21:36:51.434 [main] DEBUG org.springframework.test.context.support.AbstractContextLoader - Did not detect default resource location for test class [org.gelm.portal.test.controller.RestfulDemoControllerTest]: class path resource [org/gelm/portal/test/controller/RestfulDemoControllerTestContext.groovy] does not exist
21:36:51.434 [main] INFO org.springframework.test.context.support.AbstractContextLoader - Could not detect default resource locations for test class [org.gelm.portal.test.controller.RestfulDemoControllerTest]: no resource found for suffixes {-context.xml, Context.groovy}.
21:36:51.434 [main] INFO org.springframework.test.context.support.AnnotationConfigContextLoaderUtils - Could not detect default configuration classes for test class [org.gelm.portal.test.controller.RestfulDemoControllerTest]: RestfulDemoControllerTest does not declare any static, non-private, non-final, nested classes annotated with @Configuration.
21:36:51.502 [main] DEBUG org.springframework.test.context.support.ActiveProfilesUtils - Could not find an 'annotation declaring class' for annotation type [org.springframework.test.context.ActiveProfiles] and class [org.gelm.portal.test.controller.RestfulDemoControllerTest]
21:36:51.502 [main] DEBUG org.springframework.core.env.StandardEnvironment - Adding PropertySource 'systemProperties' with lowest search precedence
21:36:51.502 [main] DEBUG org.springframework.core.env.StandardEnvironment - Adding PropertySource 'systemEnvironment' with lowest search precedence
21:36:51.502 [main] DEBUG org.springframework.core.env.StandardEnvironment - Initialized StandardEnvironment with PropertySources [MapPropertySource@266272063 {name='systemProperties', properties={java.runtime.name=Java(TM) SE Runtime Environment, sun.boot.library.path=C:\Program Files\Java\jdk1.8.0_111\jre\bin, java.vm.version=25.111-b14, java.vm.vendor=Oracle Corporation, java.vendor.url=http://java.oracle.com/, path.separator=;, java.vm.name=Java HotSpot(TM) 64-Bit Server VM, file.encoding.pkg=sun.io, user.country=MY, user.script=, sun.java.launcher=SUN_STANDARD, sun.os.patch.level=, java.vm.specification.name=Java Virtual Machine Specification, user.dir=C:\Users\HP\Desktop\DevOps\Spring\STS_Space\SpringRestfulDemo, java.runtime.version=1.8.0_111-b14, basedir=C:\Users\HP\Desktop\DevOps\Spring\STS_Space\SpringRestfulDemo, java.awt.graphicsenv=sun.awt.Win32GraphicsEnvironment, java.endorsed.dirs=C:\Program Files\Java\jdk1.8.0_111\jre\lib\endorsed, os.arch=amd64, surefire.real.class.path=C:\Users\HP\Desktop\DevOps\Spring\STS_Space\SpringRestfulDemo\target\surefire\surefirebooter8517826295889555436.jar, java.io.tmpdir=C:\Users\HP\AppData\Local\Temp\, line.separator=
, java.vm.specification.vendor=Oracle Corporation, user.variant=, os.name=Windows 8.1, sun.jnu.encoding=Cp1252, java.library.path=C:\Program Files\Java\jdk1.8.0_111\jre\bin;C:\Windows\Sun\Java\bin;C:\Windows\system32;C:\Windows;C:/Program Files/Java/jre1.8.0_171/bin/server;C:/Program Files/Java/jre1.8.0_171/bin;C:/Program Files/Java/jre1.8.0_171/lib/amd64;C:\app\HP\product\12.2.0\dbhome_1\bin;C:\Program Files (x86)\Common Files\Oracle\Java\javapath;C:\Python27\;C:\Python27\Scripts;C:\oraclexe\app\oracle\product\10.2.0\server\bin;C:\ProgramData\Oracle\Java\javapath;C:\Program Files (x86)\Intel\iCLS Client\;C:\Program Files\Intel\iCLS Client\;C:\Program Files (x86)\NVIDIA Corporation\PhysX\Common;C:\Windows\system32;C:\Windows;C:\Windows\System32\Wbem;C:\Windows\System32\WindowsPowerShell\v1.0\;C:\Program Files\Hewlett-Packard\SimplePass\;C:\Program Files\Intel\Intel(R) Management Engine Components\DAL;C:\Program Files (x86)\Intel\Intel(R) Management Engine Components\DAL;C:\Program Files\Intel\Intel(R) Management Engine Components\IPT;C:\Program Files (x86)\Intel\Intel(R) Management Engine Components\IPT;C:\Program Files\Java\jdk1.8.0_111\bin;C:\Program Files\Git\cmd;C:\Program Files\Git\mingw64\bin;C:\Program Files\Git\usr\bin;C:\Users\HP\Downloads\apache-maven-3.3.9-bin\apache-maven-3.3.9\bin;C:\HashiCorp\Vagrant\bin;C:\ProgramData\chocolatey\bin;C:\opscode\chefdk\bin\;C:\Program Files\Oracle\VirtualBox;C:\Program Files (x86)\Microsoft VS Code\bin;C:\Program Files\Java\jre1.8.0_171\bin;C:\Ruby24-x64\bin;C:\Users\HP\AppData\Local\Programs\Python\Python36-32\Scripts\;C:\Users\HP\AppData\Local\Programs\Python\Python36-32\;C:\Program Files (x86)\Microsoft VS Code\bin;C:\Program Files\Docker Toolbox;C:\Users\HP\Desktop\DevOps\Spring\spring-tool-suite-3.9.9.RELEASE-e4.12.0-win32-x86_64\sts-bundle\sts-3.9.9.RELEASE;;., surefire.test.class.path=C:\Users\HP\Desktop\DevOps\Spring\STS_Space\SpringRestfulDemo\target\test-classes;C:\Users\HP\Desktop\DevOps\Spring\STS_Space\SpringRestfulDemo\target\classes;C:\Users\HP\.m2\repository\org\springframework\boot\spring-boot-starter-web\1.5.17.RELEASE\spring-boot-starter-web-1.5.17.RELEASE.jar;C:\Users\HP\.m2\repository\org\springframework\boot\spring-boot-starter\1.5.17.RELEASE\spring-boot-starter-1.5.17.RELEASE.jar;C:\Users\HP\.m2\repository\org\springframework\boot\spring-boot-starter-logging\1.5.17.RELEASE\spring-boot-starter-logging-1.5.17.RELEASE.jar;C:\Users\HP\.m2\repository\ch\qos\logback\logback-classic\1.1.11\logback-classic-1.1.11.jar;C:\Users\HP\.m2\repository\ch\qos\logback\logback-core\1.1.11\logback-core-1.1.11.jar;C:\Users\HP\.m2\repository\org\slf4j\jul-to-slf4j\1.7.25\jul-to-slf4j-1.7.25.jar;C:\Users\HP\.m2\repository\org\slf4j\log4j-over-slf4j\1.7.25\log4j-over-slf4j-1.7.25.jar;C:\Users\HP\.m2\repository\org\yaml\snakeyaml\1.17\snakeyaml-1.17.jar;C:\Users\HP\.m2\repository\org\springframework\boot\spring-boot-starter-tomcat\1.5.17.RELEASE\spring-boot-starter-tomcat-1.5.17.RELEASE.jar;C:\Users\HP\.m2\repository\org\apache\tomcat\embed\tomcat-embed-core\8.5.34\tomcat-embed-core-8.5.34.jar;C:\Users\HP\.m2\repository\org\apache\tomcat\tomcat-annotations-api\8.5.34\tomcat-annotations-api-8.5.34.jar;C:\Users\HP\.m2\repository\org\apache\tomcat\embed\tomcat-embed-el\8.5.34\tomcat-embed-el-8.5.34.jar;C:\Users\HP\.m2\repository\org\apache\tomcat\embed\tomcat-embed-websocket\8.5.34\tomcat-embed-websocket-8.5.34.jar;C:\Users\HP\.m2\repository\org\hibernate\hibernate-validator\5.3.6.Final\hibernate-validator-5.3.6.Final.jar;C:\Users\HP\.m2\repository\javax\validation\validation-api\1.1.0.Final\validation-api-1.1.0.Final.jar;C:\Users\HP\.m2\repository\org\jboss\logging\jboss-logging\3.3.2.Final\jboss-logging-3.3.2.Final.jar;C:\Users\HP\.m2\repository\com\fasterxml\classmate\1.3.4\classmate-1.3.4.jar;C:\Users\HP\.m2\repository\com\fasterxml\jackson\core\jackson-databind\2.8.11.2\jackson-databind-2.8.11.2.jar;C:\Users\HP\.m2\repository\com\fasterxml\jackson\core\jackson-annotations\2.8.0\jackson-annotations-2.8.0.jar;C:\Users\HP\.m2\repository\com\fasterxml\jackson\core\jackson-core\2.8.11\jackson-core-2.8.11.jar;C:\Users\HP\.m2\repository\org\springframework\spring-web\4.3.20.RELEASE\spring-web-4.3.20.RELEASE.jar;C:\Users\HP\.m2\repository\org\springframework\spring-aop\4.3.20.RELEASE\spring-aop-4.3.20.RELEASE.jar;C:\Users\HP\.m2\repository\org\springframework\spring-beans\4.3.20.RELEASE\spring-beans-4.3.20.RELEASE.jar;C:\Users\HP\.m2\repository\org\springframework\spring-context\4.3.20.RELEASE\spring-context-4.3.20.RELEASE.jar;C:\Users\HP\.m2\repository\org\springframework\spring-webmvc\4.3.20.RELEASE\spring-webmvc-4.3.20.RELEASE.jar;C:\Users\HP\.m2\repository\org\springframework\spring-expression\4.3.20.RELEASE\spring-expression-4.3.20.RELEASE.jar;C:\Users\HP\.m2\repository\com\google\code\gson\gson\2.8.5\gson-2.8.5.jar;C:\Users\HP\.m2\repository\org\springframework\boot\spring-boot-starter-test\1.5.17.RELEASE\spring-boot-starter-test-1.5.17.RELEASE.jar;C:\Users\HP\.m2\repository\org\springframework\boot\spring-boot-test\1.5.17.RELEASE\spring-boot-test-1.5.17.RELEASE.jar;C:\Users\HP\.m2\repository\org\springframework\boot\spring-boot-test-autoconfigure\1.5.17.RELEASE\spring-boot-test-autoconfigure-1.5.17.RELEASE.jar;C:\Users\HP\.m2\repository\com\jayway\jsonpath\json-path\2.2.0\json-path-2.2.0.jar;C:\Users\HP\.m2\repository\net\minidev\json-smart\2.2.1\json-smart-2.2.1.jar;C:\Users\HP\.m2\repository\net\minidev\accessors-smart\1.1\accessors-smart-1.1.jar;C:\Users\HP\.m2\repository\org\ow2\asm\asm\5.0.3\asm-5.0.3.jar;C:\Users\HP\.m2\repository\org\slf4j\slf4j-api\1.7.25\slf4j-api-1.7.25.jar;C:\Users\HP\.m2\repository\junit\junit\4.12\junit-4.12.jar;C:\Users\HP\.m2\repository\org\assertj\assertj-core\2.6.0\assertj-core-2.6.0.jar;C:\Users\HP\.m2\repository\org\mockito\mockito-core\1.10.19\mockito-core-1.10.19.jar;C:\Users\HP\.m2\repository\org\objenesis\objenesis\2.1\objenesis-2.1.jar;C:\Users\HP\.m2\repository\org\hamcrest\hamcrest-core\1.3\hamcrest-core-1.3.jar;C:\Users\HP\.m2\repository\org\hamcrest\hamcrest-library\1.3\hamcrest-library-1.3.jar;C:\Users\HP\.m2\repository\org\skyscreamer\jsonassert\1.4.0\jsonassert-1.4.0.jar;C:\Users\HP\.m2\repository\com\vaadin\external\google\android-json\0.0.20131108.vaadin1\android-json-0.0.20131108.vaadin1.jar;C:\Users\HP\.m2\repository\org\springframework\spring-core\4.3.20.RELEASE\spring-core-4.3.20.RELEASE.jar;C:\Users\HP\.m2\repository\org\springframework\spring-test\4.3.20.RELEASE\spring-test-4.3.20.RELEASE.jar;C:\Users\HP\.m2\repository\org\springframework\boot\spring-boot-starter-data-jpa\1.5.17.RELEASE\spring-boot-starter-data-jpa-1.5.17.RELEASE.jar;C:\Users\HP\.m2\repository\org\springframework\boot\spring-boot-starter-aop\1.5.17.RELEASE\spring-boot-starter-aop-1.5.17.RELEASE.jar;C:\Users\HP\.m2\repository\org\aspectj\aspectjweaver\1.8.13\aspectjweaver-1.8.13.jar;C:\Users\HP\.m2\repository\org\springframework\boot\spring-boot-starter-jdbc\1.5.17.RELEASE\spring-boot-starter-jdbc-1.5.17.RELEASE.jar;C:\Users\HP\.m2\repository\org\apache\tomcat\tomcat-jdbc\8.5.34\tomcat-jdbc-8.5.34.jar;C:\Users\HP\.m2\repository\org\apache\tomcat\tomcat-juli\8.5.34\tomcat-juli-8.5.34.jar;C:\Users\HP\.m2\repository\org\springframework\spring-jdbc\4.3.20.RELEASE\spring-jdbc-4.3.20.RELEASE.jar;C:\Users\HP\.m2\repository\org\hibernate\hibernate-core\5.0.12.Final\hibernate-core-5.0.12.Final.jar;C:\Users\HP\.m2\repository\org\hibernate\javax\persistence\hibernate-jpa-2.1-api\1.0.0.Final\hibernate-jpa-2.1-api-1.0.0.Final.jar;C:\Users\HP\.m2\repository\org\javassist\javassist\3.21.0-GA\javassist-3.21.0-GA.jar;C:\Users\HP\.m2\repository\antlr\antlr\2.7.7\antlr-2.7.7.jar;C:\Users\HP\.m2\repository\org\jboss\jandex\2.0.0.Final\jandex-2.0.0.Final.jar;C:\Users\HP\.m2\repository\dom4j\dom4j\1.6.1\dom4j-1.6.1.jar;C:\Users\HP\.m2\repository\org\hibernate\common\hibernate-commons-annotations\5.0.1.Final\hibernate-commons-annotations-5.0.1.Final.jar;C:\Users\HP\.m2\repository\org\hibernate\hibernate-entitymanager\5.0.12.Final\hibernate-entitymanager-5.0.12.Final.jar;C:\Users\HP\.m2\repository\javax\transaction\javax.transaction-api\1.2\javax.transaction-api-1.2.jar;C:\Users\HP\.m2\repository\org\springframework\data\spring-data-jpa\1.11.16.RELEASE\spring-data-jpa-1.11.16.RELEASE.jar;C:\Users\HP\.m2\repository\org\springframework\data\spring-data-commons\1.13.16.RELEASE\spring-data-commons-1.13.16.RELEASE.jar;C:\Users\HP\.m2\repository\org\springframework\spring-orm\4.3.20.RELEASE\spring-orm-4.3.20.RELEASE.jar;C:\Users\HP\.m2\repository\org\springframework\spring-tx\4.3.20.RELEASE\spring-tx-4.3.20.RELEASE.jar;C:\Users\HP\.m2\repository\org\slf4j\jcl-over-slf4j\1.7.25\jcl-over-slf4j-1.7.25.jar;C:\Users\HP\.m2\repository\org\springframework\spring-aspects\4.3.20.RELEASE\spring-aspects-4.3.20.RELEASE.jar;C:\Users\HP\.m2\repository\org\springframework\boot\spring-boot-devtools\1.5.17.RELEASE\spring-boot-devtools-1.5.17.RELEASE.jar;C:\Users\HP\.m2\repository\org\springframework\boot\spring-boot\1.5.17.RELEASE\spring-boot-1.5.17.RELEASE.jar;C:\Users\HP\.m2\repository\org\springframework\boot\spring-boot-autoconfigure\1.5.17.RELEASE\spring-boot-autoconfigure-1.5.17.RELEASE.jar;C:\Users\HP\.m2\repository\com\h2database\h2\1.4.197\h2-1.4.197.jar;, java.specification.name=Java Platform API Specification, java.class.version=52.0, sun.management.compiler=HotSpot 64-Bit Tiered Compilers, os.version=6.3, user.home=C:\Users\HP, user.timezone=Asia/Singapore, java.awt.printerjob=sun.awt.windows.WPrinterJob, file.encoding=Cp1252, java.specification.version=1.8, java.class.path=C:\Users\HP\Desktop\DevOps\Spring\STS_Space\SpringRestfulDemo\target\test-classes;C:\Users\HP\Desktop\DevOps\Spring\STS_Space\SpringRestfulDemo\target\classes;C:\Users\HP\.m2\repository\org\springframework\boot\spring-boot-starter-web\1.5.17.RELEASE\spring-boot-starter-web-1.5.17.RELEASE.jar;C:\Users\HP\.m2\repository\org\springframework\boot\spring-boot-starter\1.5.17.RELEASE\spring-boot-starter-1.5.17.RELEASE.jar;C:\Users\HP\.m2\repository\org\springframework\boot\spring-boot-starter-logging\1.5.17.RELEASE\spring-boot-starter-logging-1.5.17.RELEASE.jar;C:\Users\HP\.m2\repository\ch\qos\logback\logback-classic\1.1.11\logback-classic-1.1.11.jar;C:\Users\HP\.m2\repository\ch\qos\logback\logback-core\1.1.11\logback-core-1.1.11.jar;C:\Users\HP\.m2\repository\org\slf4j\jul-to-slf4j\1.7.25\jul-to-slf4j-1.7.25.jar;C:\Users\HP\.m2\repository\org\slf4j\log4j-over-slf4j\1.7.25\log4j-over-slf4j-1.7.25.jar;C:\Users\HP\.m2\repository\org\yaml\snakeyaml\1.17\snakeyaml-1.17.jar;C:\Users\HP\.m2\repository\org\springframework\boot\spring-boot-starter-tomcat\1.5.17.RELEASE\spring-boot-starter-tomcat-1.5.17.RELEASE.jar;C:\Users\HP\.m2\repository\org\apache\tomcat\embed\tomcat-embed-core\8.5.34\tomcat-embed-core-8.5.34.jar;C:\Users\HP\.m2\repository\org\apache\tomcat\tomcat-annotations-api\8.5.34\tomcat-annotations-api-8.5.34.jar;C:\Users\HP\.m2\repository\org\apache\tomcat\embed\tomcat-embed-el\8.5.34\tomcat-embed-el-8.5.34.jar;C:\Users\HP\.m2\repository\org\apache\tomcat\embed\tomcat-embed-websocket\8.5.34\tomcat-embed-websocket-8.5.34.jar;C:\Users\HP\.m2\repository\org\hibernate\hibernate-validator\5.3.6.Final\hibernate-validator-5.3.6.Final.jar;C:\Users\HP\.m2\repository\javax\validation\validation-api\1.1.0.Final\validation-api-1.1.0.Final.jar;C:\Users\HP\.m2\repository\org\jboss\logging\jboss-logging\3.3.2.Final\jboss-logging-3.3.2.Final.jar;C:\Users\HP\.m2\repository\com\fasterxml\classmate\1.3.4\classmate-1.3.4.jar;C:\Users\HP\.m2\repository\com\fasterxml\jackson\core\jackson-databind\2.8.11.2\jackson-databind-2.8.11.2.jar;C:\Users\HP\.m2\repository\com\fasterxml\jackson\core\jackson-annotations\2.8.0\jackson-annotations-2.8.0.jar;C:\Users\HP\.m2\repository\com\fasterxml\jackson\core\jackson-core\2.8.11\jackson-core-2.8.11.jar;C:\Users\HP\.m2\repository\org\springframework\spring-web\4.3.20.RELEASE\spring-web-4.3.20.RELEASE.jar;C:\Users\HP\.m2\repository\org\springframework\spring-aop\4.3.20.RELEASE\spring-aop-4.3.20.RELEASE.jar;C:\Users\HP\.m2\repository\org\springframework\spring-beans\4.3.20.RELEASE\spring-beans-4.3.20.RELEASE.jar;C:\Users\HP\.m2\repository\org\springframework\spring-context\4.3.20.RELEASE\spring-context-4.3.20.RELEASE.jar;C:\Users\HP\.m2\repository\org\springframework\spring-webmvc\4.3.20.RELEASE\spring-webmvc-4.3.20.RELEASE.jar;C:\Users\HP\.m2\repository\org\springframework\spring-expression\4.3.20.RELEASE\spring-expression-4.3.20.RELEASE.jar;C:\Users\HP\.m2\repository\com\google\code\gson\gson\2.8.5\gson-2.8.5.jar;C:\Users\HP\.m2\repository\org\springframework\boot\spring-boot-starter-test\1.5.17.RELEASE\spring-boot-starter-test-1.5.17.RELEASE.jar;C:\Users\HP\.m2\repository\org\springframework\boot\spring-boot-test\1.5.17.RELEASE\spring-boot-test-1.5.17.RELEASE.jar;C:\Users\HP\.m2\repository\org\springframework\boot\spring-boot-test-autoconfigure\1.5.17.RELEASE\spring-boot-test-autoconfigure-1.5.17.RELEASE.jar;C:\Users\HP\.m2\repository\com\jayway\jsonpath\json-path\2.2.0\json-path-2.2.0.jar;C:\Users\HP\.m2\repository\net\minidev\json-smart\2.2.1\json-smart-2.2.1.jar;C:\Users\HP\.m2\repository\net\minidev\accessors-smart\1.1\accessors-smart-1.1.jar;C:\Users\HP\.m2\repository\org\ow2\asm\asm\5.0.3\asm-5.0.3.jar;C:\Users\HP\.m2\repository\org\slf4j\slf4j-api\1.7.25\slf4j-api-1.7.25.jar;C:\Users\HP\.m2\repository\junit\junit\4.12\junit-4.12.jar;C:\Users\HP\.m2\repository\org\assertj\assertj-core\2.6.0\assertj-core-2.6.0.jar;C:\Users\HP\.m2\repository\org\mockito\mockito-core\1.10.19\mockito-core-1.10.19.jar;C:\Users\HP\.m2\repository\org\objenesis\objenesis\2.1\objenesis-2.1.jar;C:\Users\HP\.m2\repository\org\hamcrest\hamcrest-core\1.3\hamcrest-core-1.3.jar;C:\Users\HP\.m2\repository\org\hamcrest\hamcrest-library\1.3\hamcrest-library-1.3.jar;C:\Users\HP\.m2\repository\org\skyscreamer\jsonassert\1.4.0\jsonassert-1.4.0.jar;C:\Users\HP\.m2\repository\com\vaadin\external\google\android-json\0.0.20131108.vaadin1\android-json-0.0.20131108.vaadin1.jar;C:\Users\HP\.m2\repository\org\springframework\spring-core\4.3.20.RELEASE\spring-core-4.3.20.RELEASE.jar;C:\Users\HP\.m2\repository\org\springframework\spring-test\4.3.20.RELEASE\spring-test-4.3.20.RELEASE.jar;C:\Users\HP\.m2\repository\org\springframework\boot\spring-boot-starter-data-jpa\1.5.17.RELEASE\spring-boot-starter-data-jpa-1.5.17.RELEASE.jar;C:\Users\HP\.m2\repository\org\springframework\boot\spring-boot-starter-aop\1.5.17.RELEASE\spring-boot-starter-aop-1.5.17.RELEASE.jar;C:\Users\HP\.m2\repository\org\aspectj\aspectjweaver\1.8.13\aspectjweaver-1.8.13.jar;C:\Users\HP\.m2\repository\org\springframework\boot\spring-boot-starter-jdbc\1.5.17.RELEASE\spring-boot-starter-jdbc-1.5.17.RELEASE.jar;C:\Users\HP\.m2\repository\org\apache\tomcat\tomcat-jdbc\8.5.34\tomcat-jdbc-8.5.34.jar;C:\Users\HP\.m2\repository\org\apache\tomcat\tomcat-juli\8.5.34\tomcat-juli-8.5.34.jar;C:\Users\HP\.m2\repository\org\springframework\spring-jdbc\4.3.20.RELEASE\spring-jdbc-4.3.20.RELEASE.jar;C:\Users\HP\.m2\repository\org\hibernate\hibernate-core\5.0.12.Final\hibernate-core-5.0.12.Final.jar;C:\Users\HP\.m2\repository\org\hibernate\javax\persistence\hibernate-jpa-2.1-api\1.0.0.Final\hibernate-jpa-2.1-api-1.0.0.Final.jar;C:\Users\HP\.m2\repository\org\javassist\javassist\3.21.0-GA\javassist-3.21.0-GA.jar;C:\Users\HP\.m2\repository\antlr\antlr\2.7.7\antlr-2.7.7.jar;C:\Users\HP\.m2\repository\org\jboss\jandex\2.0.0.Final\jandex-2.0.0.Final.jar;C:\Users\HP\.m2\repository\dom4j\dom4j\1.6.1\dom4j-1.6.1.jar;C:\Users\HP\.m2\repository\org\hibernate\common\hibernate-commons-annotations\5.0.1.Final\hibernate-commons-annotations-5.0.1.Final.jar;C:\Users\HP\.m2\repository\org\hibernate\hibernate-entitymanager\5.0.12.Final\hibernate-entitymanager-5.0.12.Final.jar;C:\Users\HP\.m2\repository\javax\transaction\javax.transaction-api\1.2\javax.transaction-api-1.2.jar;C:\Users\HP\.m2\repository\org\springframework\data\spring-data-jpa\1.11.16.RELEASE\spring-data-jpa-1.11.16.RELEASE.jar;C:\Users\HP\.m2\repository\org\springframework\data\spring-data-commons\1.13.16.RELEASE\spring-data-commons-1.13.16.RELEASE.jar;C:\Users\HP\.m2\repository\org\springframework\spring-orm\4.3.20.RELEASE\spring-orm-4.3.20.RELEASE.jar;C:\Users\HP\.m2\repository\org\springframework\spring-tx\4.3.20.RELEASE\spring-tx-4.3.20.RELEASE.jar;C:\Users\HP\.m2\repository\org\slf4j\jcl-over-slf4j\1.7.25\jcl-over-slf4j-1.7.25.jar;C:\Users\HP\.m2\repository\org\springframework\spring-aspects\4.3.20.RELEASE\spring-aspects-4.3.20.RELEASE.jar;C:\Users\HP\.m2\repository\org\springframework\boot\spring-boot-devtools\1.5.17.RELEASE\spring-boot-devtools-1.5.17.RELEASE.jar;C:\Users\HP\.m2\repository\org\springframework\boot\spring-boot\1.5.17.RELEASE\spring-boot-1.5.17.RELEASE.jar;C:\Users\HP\.m2\repository\org\springframework\boot\spring-boot-autoconfigure\1.5.17.RELEASE\spring-boot-autoconfigure-1.5.17.RELEASE.jar;C:\Users\HP\.m2\repository\com\h2database\h2\1.4.197\h2-1.4.197.jar;, user.name=HP, java.vm.specification.version=1.8, sun.java.command=C:\Users\HP\Desktop\DevOps\Spring\STS_Space\SpringRestfulDemo\target\surefire\surefirebooter8517826295889555436.jar C:\Users\HP\Desktop\DevOps\Spring\STS_Space\SpringRestfulDemo\target\surefire\surefire4797194102591407399tmp C:\Users\HP\Desktop\DevOps\Spring\STS_Space\SpringRestfulDemo\target\surefire\surefire_0826063818760913986tmp, java.home=C:\Program Files\Java\jdk1.8.0_111\jre, sun.arch.data.model=64, user.language=en, java.specification.vendor=Oracle Corporation, awt.toolkit=sun.awt.windows.WToolkit, java.vm.info=mixed mode, java.version=1.8.0_111, java.ext.dirs=C:\Program Files\Java\jdk1.8.0_111\jre\lib\ext;C:\Windows\Sun\Java\lib\ext, sun.boot.class.path=C:\Program Files\Java\jdk1.8.0_111\jre\lib\resources.jar;C:\Program Files\Java\jdk1.8.0_111\jre\lib\rt.jar;C:\Program Files\Java\jdk1.8.0_111\jre\lib\sunrsasign.jar;C:\Program Files\Java\jdk1.8.0_111\jre\lib\jsse.jar;C:\Program Files\Java\jdk1.8.0_111\jre\lib\jce.jar;C:\Program Files\Java\jdk1.8.0_111\jre\lib\charsets.jar;C:\Program Files\Java\jdk1.8.0_111\jre\lib\jfr.jar;C:\Program Files\Java\jdk1.8.0_111\jre\classes, java.vendor=Oracle Corporation, localRepository=C:\Users\HP\.m2\repository, style.color=always, file.separator=\, java.vendor.url.bug=http://bugreport.sun.com/bugreport/, sun.io.unicode.encoding=UnicodeLittle, sun.cpu.endian=little, sun.desktop=windows, sun.cpu.isalist=amd64}}, SystemEnvironmentPropertySource@226744878 {name='systemEnvironment', properties={PATH=C:/Program Files/Java/jre1.8.0_171/bin/server;C:/Program Files/Java/jre1.8.0_171/bin;C:/Program Files/Java/jre1.8.0_171/lib/amd64;C:\app\HP\product\12.2.0\dbhome_1\bin;C:\Program Files (x86)\Common Files\Oracle\Java\javapath;C:\Python27\;C:\Python27\Scripts;C:\oraclexe\app\oracle\product\10.2.0\server\bin;C:\ProgramData\Oracle\Java\javapath;C:\Program Files (x86)\Intel\iCLS Client\;C:\Program Files\Intel\iCLS
[...]
rg/slf4j/jul-to-slf4j/1.7.25/jul-to-slf4j-1.7.25.jar!/org/], URL [jar:file:/C:/Users/HP/.m2/repository/org/slf4j/log4j-over-slf4j/1.7.25/log4j-over-slf4j-1.7.25.jar!/org/], URL [jar:file:/C:/Users/HP/.m2/repository/org/yaml/snakeyaml/1.17/snakeyaml-1.17.jar!/org/], URL [jar:file:/C:/Users/HP/.m2/repository/org/apache/tomcat/embed/tomcat-embed-core/8.5.34/tomcat-embed-core-8.5.34.jar!/org/], URL [jar:file:/C:/Users/HP/.m2/repository/org/apache/tomcat/embed/tomcat-embed-el/8.5.34/tomcat-embed-el-8.5.34.jar!/org/], URL [jar:file:/C:/Users/HP/.m2/repository/org/apache/tomcat/embed/tomcat-embed-websocket/8.5.34/tomcat-embed-websocket-8.5.34.jar!/org/], URL [jar:file:/C:/Users/HP/.m2/repository/org/hibernate/hibernate-validator/5.3.6.Final/hibernate-validator-5.3.6.Final.jar!/org/], URL [jar:file:/C:/Users/HP/.m2/repository/org/jboss/logging/jboss-logging/3.3.2.Final/jboss-logging-3.3.2.Final.jar!/org/], URL [jar:file:/C:/Users/HP/.m2/repository/org/springframework/spring-web/4.3.20.RELEASE/spring-web-4.3.20.RELEASE.jar!/org/], URL [jar:file:/C:/Users/HP/.m2/repository/org/springframework/spring-aop/4.3.20.RELEASE/spring-aop-4.3.20.RELEASE.jar!/org/], URL [jar:file:/C:/Users/HP/.m2/repository/org/springframework/spring-beans/4.3.20.RELEASE/spring-beans-4.3.20.RELEASE.jar!/org/], URL [jar:file:/C:/Users/HP/.m2/repository/org/springframework/spring-context/4.3.20.RELEASE/spring-context-4.3.20.RELEASE.jar!/org/], URL [jar:file:/C:/Users/HP/.m2/repository/org/springframework/spring-webmvc/4.3.20.RELEASE/spring-webmvc-4.3.20.RELEASE.jar!/org/], URL [jar:file:/C:/Users/HP/.m2/repository/org/springframework/spring-expression/4.3.20.RELEASE/spring-expression-4.3.20.RELEASE.jar!/org/], URL [jar:file:/C:/Users/HP/.m2/repository/org/springframework/boot/spring-boot-test/1.5.17.RELEASE/spring-boot-test-1.5.17.RELEASE.jar!/org/], URL [jar:file:/C:/Users/HP/.m2/repository/org/springframework/boot/spring-boot-test-autoconfigure/1.5.17.RELEASE/spring-boot-test-autoconfigure-1.5.17.RELEASE.jar!/org/], URL [jar:file:/C:/Users/HP/.m2/repository/net/minidev/accessors-smart/1.1/accessors-smart-1.1.jar!/org/], URL [jar:file:/C:/Users/HP/.m2/repository/org/ow2/asm/asm/5.0.3/asm-5.0.3.jar!/org/], URL [jar:file:/C:/Users/HP/.m2/repository/org/slf4j/slf4j-api/1.7.25/slf4j-api-1.7.25.jar!/org/], URL [jar:file:/C:/Users/HP/.m2/repository/junit/junit/4.12/junit-4.12.jar!/org/], URL [jar:file:/C:/Users/HP/.m2/repository/org/assertj/assertj-core/2.6.0/assertj-core-2.6.0.jar!/org/], URL [jar:file:/C:/Users/HP/.m2/repository/org/mockito/mockito-core/1.10.19/mockito-core-1.10.19.jar!/org/], URL [jar:file:/C:/Users/HP/.m2/repository/org/objenesis/objenesis/2.1/objenesis-2.1.jar!/org/], URL [jar:file:/C:/Users/HP/.m2/repository/org/hamcrest/hamcrest-core/1.3/hamcrest-core-1.3.jar!/org/], URL [jar:file:/C:/Users/HP/.m2/repository/org/hamcrest/hamcrest-library/1.3/hamcrest-library-1.3.jar!/org/], URL [jar:file:/C:/Users/HP/.m2/repository/org/skyscreamer/jsonassert/1.4.0/jsonassert-1.4.0.jar!/org/], URL [jar:file:/C:/Users/HP/.m2/repository/com/vaadin/external/google/android-json/0.0.20131108.vaadin1/android-json-0.0.20131108.vaadin1.jar!/org/], URL [jar:file:/C:/Users/HP/.m2/repository/org/springframework/spring-core/4.3.20.RELEASE/spring-core-4.3.20.RELEASE.jar!/org/], URL [jar:file:/C:/Users/HP/.m2/repository/org/springframework/spring-test/4.3.20.RELEASE/spring-test-4.3.20.RELEASE.jar!/org/], URL [jar:file:/C:/Users/HP/.m2/repository/org/aspectj/aspectjweaver/1.8.13/aspectjweaver-1.8.13.jar!/org/], URL [jar:file:/C:/Users/HP/.m2/repository/org/apache/tomcat/tomcat-jdbc/8.5.34/tomcat-jdbc-8.5.34.jar!/org/], URL [jar:file:/C:/Users/HP/.m2/repository/org/apache/tomcat/tomcat-juli/8.5.34/tomcat-juli-8.5.34.jar!/org/], URL [jar:file:/C:/Users/HP/.m2/repository/org/springframework/spring-jdbc/4.3.20.RELEASE/spring-jdbc-4.3.20.RELEASE.jar!/org/], URL [jar:file:/C:/Users/HP/.m2/repository/org/hibernate/hibernate-core/5.0.12.Final/hibernate-core-5.0.12.Final.jar!/org/], URL [jar:file:/C:/Users/HP/.m2/repository/org/jboss/jandex/2.0.0.Final/jandex-2.0.0.Final.jar!/org/], URL [jar:file:/C:/Users/HP/.m2/repository/dom4j/dom4j/1.6.1/dom4j-1.6.1.jar!/org/], URL [jar:file:/C:/Users/HP/.m2/repository/org/hibernate/common/hibernate-commons-annotations/5.0.1.Final/hibernate-commons-annotations-5.0.1.Final.jar!/org/], URL [jar:file:/C:/Users/HP/.m2/repository/org/hibernate/hibernate-entitymanager/5.0.12.Final/hibernate-entitymanager-5.0.12.Final.jar!/org/], URL [jar:file:/C:/Users/HP/.m2/repository/org/springframework/data/spring-data-jpa/1.11.16.RELEASE/spring-data-jpa-1.11.16.RELEASE.jar!/org/], URL [jar:file:/C:/Users/HP/.m2/repository/org/springframework/data/spring-data-commons/1.13.16.RELEASE/spring-data-commons-1.13.16.RELEASE.jar!/org/], URL [jar:file:/C:/Users/HP/.m2/repository/org/springframework/spring-orm/4.3.20.RELEASE/spring-orm-4.3.20.RELEASE.jar!/org/], URL [jar:file:/C:/Users/HP/.m2/repository/org/springframework/spring-tx/4.3.20.RELEASE/spring-tx-4.3.20.RELEASE.jar!/org/], URL [jar:file:/C:/Users/HP/.m2/repository/org/slf4j/jcl-over-slf4j/1.7.25/jcl-over-slf4j-1.7.25.jar!/org/], URL [jar:file:/C:/Users/HP/.m2/repository/org/springframework/spring-aspects/4.3.20.RELEASE/spring-aspects-4.3.20.RELEASE.jar!/org/], URL [jar:file:/C:/Users/HP/.m2/repository/org/springframework/boot/spring-boot-devtools/1.5.17.RELEASE/spring-boot-devtools-1.5.17.RELEASE.jar!/org/], URL [jar:file:/C:/Users/HP/.m2/repository/org/springframework/boot/spring-boot/1.5.17.RELEASE/spring-boot-1.5.17.RELEASE.jar!/org/], URL [jar:file:/C:/Users/HP/.m2/repository/org/springframework/boot/spring-boot-autoconfigure/1.5.17.RELEASE/spring-boot-autoconfigure-1.5.17.RELEASE.jar!/org/], URL [jar:file:/C:/Users/HP/.m2/repository/org/apache/maven/surefire/surefire-junit4/2.18.1/surefire-junit4-2.18.1.jar!/org/]]
21:36:51.526 [main] DEBUG org.springframework.core.io.support.PathMatchingResourcePatternResolver - Looking for matching resources in jar file [file:/C:/Users/HP/.m2/repository/org/apache/maven/surefire/surefire-booter/2.18.1/surefire-booter-2.18.1.jar]
21:36:51.526 [main] DEBUG org.springframework.core.io.support.PathMatchingResourcePatternResolver - Looking for matching resources in jar file [file:/C:/Users/HP/.m2/repository/org/apache/maven/surefire/surefire-api/2.18.1/surefire-api-2.18.1.jar]
21:36:51.538 [main] DEBUG org.springframework.core.io.support.PathMatchingResourcePatternResolver - Looking for matching resources in directory tree [C:\Users\HP\Desktop\DevOps\Spring\STS_Space\SpringRestfulDemo\target\test-classes\org]
21:36:51.538 [main] DEBUG org.springframework.core.io.support.PathMatchingResourcePatternResolver - Searching directory [C:\Users\HP\Desktop\DevOps\Spring\STS_Space\SpringRestfulDemo\target\test-classes\org] for files matching pattern [C:/Users/HP/Desktop/DevOps/Spring/STS_Space/SpringRestfulDemo/target/test-classes/org/*.class]
21:36:51.538 [main] DEBUG org.springframework.core.io.support.PathMatchingResourcePatternResolver - Looking for matching resources in directory tree [C:\Users\HP\Desktop\DevOps\Spring\STS_Space\SpringRestfulDemo\target\classes\org]
21:36:51.538 [main] DEBUG org.springframework.core.io.support.PathMatchingResourcePatternResolver - Searching directory [C:\Users\HP\Desktop\DevOps\Spring\STS_Space\SpringRestfulDemo\target\classes\org] for files matching pattern [C:/Users/HP/Desktop/DevOps/Spring/STS_Space/SpringRestfulDemo/target/classes/org/*.class]
21:36:51.538 [main] DEBUG org.springframework.core.io.support.PathMatchingResourcePatternResolver - Looking for matching resources in jar file [file:/C:/Users/HP/.m2/repository/ch/qos/logback/logback-classic/1.1.11/logback-classic-1.1.11.jar]
21:36:51.542 [main] DEBUG org.springframework.core.io.support.PathMatchingResourcePatternResolver - Looking for matching resources in jar file [file:/C:/Users/HP/.m2/repository/org/slf4j/jul-to-slf4j/1.7.25/jul-to-slf4j-1.7.25.jar]
21:36:51.542 [main] DEBUG org.springframework.core.io.support.PathMatchingResourcePatternResolver - Looking for matching resources in jar file [file:/C:/Users/HP/.m2/repository/org/slf4j/log4j-over-slf4j/1.7.25/log4j-over-slf4j-1.7.25.jar]
21:36:51.542 [main] DEBUG org.springframework.core.io.support.PathMatchingResourcePatternResolver - Looking for matching resources in jar file [file:/C:/Users/HP/.m2/repository/org/yaml/snakeyaml/1.17/snakeyaml-1.17.jar]
21:36:51.542 [main] DEBUG org.springframework.core.io.support.PathMatchingResourcePatternResolver - Looking for matching resources in jar file [file:/C:/Users/HP/.m2/repository/org/apache/tomcat/embed/tomcat-embed-core/8.5.34/tomcat-embed-core-8.5.34.jar]
21:36:51.554 [main] DEBUG org.springframework.core.io.support.PathMatchingResourcePatternResolver - Looking for matching resources in jar file [file:/C:/Users/HP/.m2/repository/org/apache/tomcat/embed/tomcat-embed-el/8.5.34/tomcat-embed-el-8.5.34.jar]
21:36:51.554 [main] DEBUG org.springframework.core.io.support.PathMatchingResourcePatternResolver - Looking for matching resources in jar file [file:/C:/Users/HP/.m2/repository/org/apache/tomcat/embed/tomcat-embed-websocket/8.5.34/tomcat-embed-websocket-8.5.34.jar]
21:36:51.554 [main] DEBUG org.springframework.core.io.support.PathMatchingResourcePatternResolver - Looking for matching resources in jar file [file:/C:/Users/HP/.m2/repository/org/hibernate/hibernate-validator/5.3.6.Final/hibernate-validator-5.3.6.Final.jar]
21:36:51.570 [main] DEBUG org.springframework.core.io.support.PathMatchingResourcePatternResolver - Looking for matching resources in jar file [file:/C:/Users/HP/.m2/repository/org/jboss/logging/jboss-logging/3.3.2.Final/jboss-logging-3.3.2.Final.jar]
21:36:51.570 [main] DEBUG org.springframework.core.io.support.PathMatchingResourcePatternResolver - Looking for matching resources in jar file [file:/C:/Users/HP/.m2/repository/org/springframework/spring-web/4.3.20.RELEASE/spring-web-4.3.20.RELEASE.jar]
21:36:51.574 [main] DEBUG org.springframework.core.io.support.PathMatchingResourcePatternResolver - Looking for matching resources in jar file [file:/C:/Users/HP/.m2/repository/org/springframework/spring-aop/4.3.20.RELEASE/spring-aop-4.3.20.RELEASE.jar]
21:36:51.598 [main] DEBUG org.springframework.core.io.support.PathMatchingResourcePatternResolver - Looking for matching resources in jar file [file:/C:/Users/HP/.m2/repository/org/springframework/spring-beans/4.3.20.RELEASE/spring-beans-4.3.20.RELEASE.jar]
21:36:51.606 [main] DEBUG org.springframework.core.io.support.PathMatchingResourcePatternResolver - Looking for matching resources in jar file [file:/C:/Users/HP/.m2/repository/org/springframework/spring-context/4.3.20.RELEASE/spring-context-4.3.20.RELEASE.jar]
21:36:51.630 [main] DEBUG org.springframework.core.io.support.PathMatchingResourcePatternResolver - Looking for matching resources in jar file [file:/C:/Users/HP/.m2/repository/org/springframework/spring-webmvc/4.3.20.RELEASE/spring-webmvc-4.3.20.RELEASE.jar]
21:36:51.654 [main] DEBUG org.springframework.core.io.support.PathMatchingResourcePatternResolver - Looking for matching resources in jar file [file:/C:/Users/HP/.m2/repository/org/springframework/spring-expression/4.3.20.RELEASE/spring-expression-4.3.20.RELEASE.jar]
21:36:51.658 [main] DEBUG org.springframework.core.io.support.PathMatchingResourcePatternResolver - Looking for matching resources in jar file [file:/C:/Users/HP/.m2/repository/org/springframework/boot/spring-boot-test/1.5.17.RELEASE/spring-boot-test-1.5.17.RELEASE.jar]
21:36:51.658 [main] DEBUG org.springframework.core.io.support.PathMatchingResourcePatternResolver - Looking for matching resources in jar file [file:/C:/Users/HP/.m2/repository/org/springframework/boot/spring-boot-test-autoconfigure/1.5.17.RELEASE/spring-boot-test-autoconfigure-1.5.17.RELEASE.jar]
21:36:51.662 [main] DEBUG org.springframework.core.io.support.PathMatchingResourcePatternResolver - Looking for matching resources in jar file [file:/C:/Users/HP/.m2/repository/net/minidev/accessors-smart/1.1/accessors-smart-1.1.jar]
21:36:51.666 [main] DEBUG org.springframework.core.io.support.PathMatchingResourcePatternResolver - Looking for matching resources in jar file [file:/C:/Users/HP/.m2/repository/org/ow2/asm/asm/5.0.3/asm-5.0.3.jar]
21:36:51.666 [main] DEBUG org.springframework.core.io.support.PathMatchingResourcePatternResolver - Looking for matching resources in jar file [file:/C:/Users/HP/.m2/repository/org/slf4j/slf4j-api/1.7.25/slf4j-api-1.7.25.jar]
21:36:51.670 [main] DEBUG org.springframework.core.io.support.PathMatchingResourcePatternResolver - Looking for matching resources in jar file [file:/C:/Users/HP/.m2/repository/junit/junit/4.12/junit-4.12.jar]
21:36:51.670 [main] DEBUG org.springframework.core.io.support.PathMatchingResourcePatternResolver - Looking for matching resources in jar file [file:/C:/Users/HP/.m2/repository/org/assertj/assertj-core/2.6.0/assertj-core-2.6.0.jar]
21:36:51.674 [main] DEBUG org.springframework.core.io.support.PathMatchingResourcePatternResolver - Looking for matching resources in jar file [file:/C:/Users/HP/.m2/repository/org/mockito/mockito-core/1.10.19/mockito-core-1.10.19.jar]
21:36:51.678 [main] DEBUG org.springframework.core.io.support.PathMatchingResourcePatternResolver - Looking for matching resources in jar file [file:/C:/Users/HP/.m2/repository/org/objenesis/objenesis/2.1/objenesis-2.1.jar]
21:36:51.678 [main] DEBUG org.springframework.core.io.support.PathMatchingResourcePatternResolver - Looking for matching resources in jar file [file:/C:/Users/HP/.m2/repository/org/hamcrest/hamcrest-core/1.3/hamcrest-core-1.3.jar]
21:36:51.678 [main] DEBUG org.springframework.core.io.support.PathMatchingResourcePatternResolver - Looking for matching resources in jar file [file:/C:/Users/HP/.m2/repository/org/hamcrest/hamcrest-library/1.3/hamcrest-library-1.3.jar]
21:36:51.678 [main] DEBUG org.springframework.core.io.support.PathMatchingResourcePatternResolver - Looking for matching resources in jar file [file:/C:/Users/HP/.m2/repository/org/skyscreamer/jsonassert/1.4.0/jsonassert-1.4.0.jar]
21:36:51.678 [main] DEBUG org.springframework.core.io.support.PathMatchingResourcePatternResolver - Looking for matching resources in jar file [file:/C:/Users/HP/.m2/repository/com/vaadin/external/google/android-json/0.0.20131108.vaadin1/android-json-0.0.20131108.vaadin1.jar]
21:36:51.686 [main] DEBUG org.springframework.core.io.support.PathMatchingResourcePatternResolver - Looking for matching resources in jar file [file:/C:/Users/HP/.m2/repository/org/springframework/spring-core/4.3.20.RELEASE/spring-core-4.3.20.RELEASE.jar]
21:36:51.690 [main] DEBUG org.springframework.core.io.support.PathMatchingResourcePatternResolver - Looking for matching resources in jar file [file:/C:/Users/HP/.m2/repository/org/springframework/spring-test/4.3.20.RELEASE/spring-test-4.3.20.RELEASE.jar]
21:36:51.694 [main] DEBUG org.springframework.core.io.support.PathMatchingResourcePatternResolver - Looking for matching resources in jar file [file:/C:/Users/HP/.m2/repository/org/aspectj/aspectjweaver/1.8.13/aspectjweaver-1.8.13.jar]
21:36:51.702 [main] DEBUG org.springframework.core.io.support.PathMatchingResourcePatternResolver - Looking for matching resources in jar file [file:/C:/Users/HP/.m2/repository/org/apache/tomcat/tomcat-jdbc/8.5.34/tomcat-jdbc-8.5.34.jar]
21:36:51.702 [main] DEBUG org.springframework.core.io.support.PathMatchingResourcePatternResolver - Looking for matching resources in jar file [file:/C:/Users/HP/.m2/repository/org/apache/tomcat/tomcat-juli/8.5.34/tomcat-juli-8.5.34.jar]
21:36:51.702 [main] DEBUG org.springframework.core.io.support.PathMatchingResourcePatternResolver - Looking for matching resources in jar file [file:/C:/Users/HP/.m2/repository/org/springframework/spring-jdbc/4.3.20.RELEASE/spring-jdbc-4.3.20.RELEASE.jar]
21:36:51.702 [main] DEBUG org.springframework.core.io.support.PathMatchingResourcePatternResolver - Looking for matching resources in jar file [file:/C:/Users/HP/.m2/repository/org/hibernate/hibernate-core/5.0.12.Final/hibernate-core-5.0.12.Final.jar]
21:36:51.718 [main] DEBUG org.springframework.core.io.support.PathMatchingResourcePatternResolver - Looking for matching resources in jar file [file:/C:/Users/HP/.m2/repository/org/jboss/jandex/2.0.0.Final/jandex-2.0.0.Final.jar]
21:36:51.718 [main] DEBUG org.springframework.core.io.support.PathMatchingResourcePatternResolver - Looking for matching resources in jar file [file:/C:/Users/HP/.m2/repository/dom4j/dom4j/1.6.1/dom4j-1.6.1.jar]
21:36:51.722 [main] DEBUG org.springframework.core.io.support.PathMatchingResourcePatternResolver - Looking for matching resources in jar file [file:/C:/Users/HP/.m2/repository/org/hibernate/common/hibernate-commons-annotations/5.0.1.Final/hibernate-commons-annotations-5.0.1.Final.jar]
21:36:51.722 [main] DEBUG org.springframework.core.io.support.PathMatchingResourcePatternResolver - Looking for matching resources in jar file [file:/C:/Users/HP/.m2/repository/org/hibernate/hibernate-entitymanager/5.0.12.Final/hibernate-entitymanager-5.0.12.Final.jar]
21:36:51.722 [main] DEBUG org.springframework.core.io.support.PathMatchingResourcePatternResolver - Looking for matching resources in jar file [file:/C:/Users/HP/.m2/repository/org/springframework/data/spring-data-jpa/1.11.16.RELEASE/spring-data-jpa-1.11.16.RELEASE.jar]
21:36:51.726 [main] DEBUG org.springframework.core.io.support.PathMatchingResourcePatternResolver - Looking for matching resources in jar file [file:/C:/Users/HP/.m2/repository/org/springframework/data/spring-data-commons/1.13.16.RELEASE/spring-data-commons-1.13.16.RELEASE.jar]
21:36:51.730 [main] DEBUG org.springframework.core.io.support.PathMatchingResourcePatternResolver - Looking for matching resources in jar file [file:/C:/Users/HP/.m2/repository/org/springframework/spring-orm/4.3.20.RELEASE/spring-orm-4.3.20.RELEASE.jar]
21:36:51.730 [main] DEBUG org.springframework.core.io.support.PathMatchingResourcePatternResolver - Looking for matching resources in jar file [file:/C:/Users/HP/.m2/repository/org/springframework/spring-tx/4.3.20.RELEASE/spring-tx-4.3.20.RELEASE.jar]
21:36:51.734 [main] DEBUG org.springframework.core.io.support.PathMatchingResourcePatternResolver - Looking for matching resources in jar file [file:/C:/Users/HP/.m2/repository/org/slf4j/jcl-over-slf4j/1.7.25/jcl-over-slf4j-1.7.25.jar]
21:36:51.734 [main] DEBUG org.springframework.core.io.support.PathMatchingResourcePatternResolver - Looking for matching resources in jar file [file:/C:/Users/HP/.m2/repository/org/springframework/spring-aspects/4.3.20.RELEASE/spring-aspects-4.3.20.RELEASE.jar]
21:36:51.734 [main] DEBUG org.springframework.core.io.support.PathMatchingResourcePatternResolver - Looking for matching resources in jar file [file:/C:/Users/HP/.m2/repository/org/springframework/boot/spring-boot-devtools/1.5.17.RELEASE/spring-boot-devtools-1.5.17.RELEASE.jar]
21:36:51.734 [main] DEBUG org.springframework.core.io.support.PathMatchingResourcePatternResolver - Looking for matching resources in jar file [file:/C:/Users/HP/.m2/repository/org/springframework/boot/spring-boot/1.5.17.RELEASE/spring-boot-1.5.17.RELEASE.jar]
21:36:51.738 [main] DEBUG org.springframework.core.io.support.PathMatchingResourcePatternResolver - Looking for matching resources in jar file [file:/C:/Users/HP/.m2/repository/org/springframework/boot/spring-boot-autoconfigure/1.5.17.RELEASE/spring-boot-autoconfigure-1.5.17.RELEASE.jar]
21:36:51.750 [main] DEBUG org.springframework.core.io.support.PathMatchingResourcePatternResolver - Looking for matching resources in jar file [file:/C:/Users/HP/.m2/repository/org/apache/maven/surefire/surefire-junit4/2.18.1/surefire-junit4-2.18.1.jar]
21:36:51.750 [main] DEBUG org.springframework.core.io.support.PathMatchingResourcePatternResolver - Resolved location pattern [classpath*:org/*.class] to resources []
]]></system-out>
  </testcase>
</testsuite>